<?xml version="1.0" encoding="UTF-8"?>
<coverage generated="1766008042466" clover="3.2.0">
  <project timestamp="1766008042466" name="All files">
    <metrics statements="461" coveredstatements="252" conditionals="219" coveredconditionals="120" methods="125" coveredmethods="64" elements="805" coveredelements="436" complexity="0" loc="461" ncloc="461" packages="5" files="13" classes="13"/>
    <package name="controllers">
      <metrics statements="118" coveredstatements="40" conditionals="26" coveredconditionals="8" methods="20" coveredmethods="8"/>
      <file name="orderController.js" path="D:\online_shop\backend\src\controllers\orderController.js">
        <metrics statements="48" coveredstatements="10" conditionals="10" coveredconditionals="2" methods="8" coveredmethods="2"/>
        <line num="8" count="1" type="stmt"/>
        <line num="16" count="4" type="stmt"/>
        <line num="17" count="4" type="stmt"/>
        <line num="19" count="4" type="cond" truecount="2" falsecount="0"/>
        <line num="20" count="2" type="stmt"/>
        <line num="22" count="2" type="stmt"/>
        <line num="25" count="0" type="stmt"/>
        <line num="38" count="0" type="stmt"/>
        <line num="39" count="0" type="stmt"/>
        <line num="41" count="0" type="cond" truecount="0" falsecount="2"/>
        <line num="42" count="0" type="stmt"/>
        <line num="44" count="0" type="stmt"/>
        <line num="47" count="0" type="stmt"/>
        <line num="60" count="1" type="stmt"/>
        <line num="61" count="1" type="stmt"/>
        <line num="62" count="1" type="stmt"/>
        <line num="64" count="0" type="stmt"/>
        <line num="77" count="0" type="stmt"/>
        <line num="78" count="0" type="stmt"/>
        <line num="83" count="0" type="stmt"/>
        <line num="84" count="0" type="stmt"/>
        <line num="86" count="0" type="stmt"/>
        <line num="99" count="0" type="stmt"/>
        <line num="100" count="0" type="stmt"/>
        <line num="101" count="0" type="stmt"/>
        <line num="103" count="0" type="cond" truecount="0" falsecount="2"/>
        <line num="104" count="0" type="stmt"/>
        <line num="106" count="0" type="stmt"/>
        <line num="109" count="0" type="stmt"/>
        <line num="122" count="0" type="stmt"/>
        <line num="123" count="0" type="stmt"/>
        <line num="124" count="0" type="stmt"/>
        <line num="126" count="0" type="cond" truecount="0" falsecount="2"/>
        <line num="127" count="0" type="stmt"/>
        <line num="129" count="0" type="stmt"/>
        <line num="132" count="0" type="stmt"/>
        <line num="145" count="0" type="stmt"/>
        <line num="146" count="0" type="stmt"/>
        <line num="147" count="0" type="stmt"/>
        <line num="149" count="0" type="cond" truecount="0" falsecount="2"/>
        <line num="150" count="0" type="stmt"/>
        <line num="152" count="0" type="stmt"/>
        <line num="155" count="0" type="stmt"/>
        <line num="168" count="0" type="stmt"/>
        <line num="169" count="0" type="stmt"/>
        <line num="170" count="0" type="stmt"/>
        <line num="172" count="0" type="stmt"/>
        <line num="181" count="1" type="stmt"/>
      </file>
      <file name="productController.js" path="D:\online_shop\backend\src\controllers\productController.js">
        <metrics statements="39" coveredstatements="17" conditionals="8" coveredconditionals="2" methods="7" coveredmethods="4"/>
        <line num="8" count="1" type="stmt"/>
        <line num="16" count="7" type="stmt"/>
        <line num="17" count="7" type="stmt"/>
        <line num="25" count="7" type="stmt"/>
        <line num="26" count="7" type="stmt"/>
        <line num="28" count="0" type="stmt"/>
        <line num="41" count="1" type="stmt"/>
        <line num="42" count="1" type="stmt"/>
        <line num="43" count="1" type="stmt"/>
        <line num="45" count="0" type="stmt"/>
        <line num="58" count="1" type="stmt"/>
        <line num="59" count="1" type="stmt"/>
        <line num="60" count="1" type="stmt"/>
        <line num="62" count="0" type="stmt"/>
        <line num="75" count="0" type="stmt"/>
        <line num="76" count="0" type="stmt"/>
        <line num="78" count="0" type="cond" truecount="0" falsecount="2"/>
        <line num="79" count="0" type="stmt"/>
        <line num="81" count="0" type="stmt"/>
        <line num="84" count="0" type="stmt"/>
        <line num="97" count="2" type="stmt"/>
        <line num="98" count="2" type="stmt"/>
        <line num="100" count="2" type="cond" truecount="2" falsecount="0"/>
        <line num="101" count="1" type="stmt"/>
        <line num="103" count="1" type="stmt"/>
        <line num="106" count="0" type="stmt"/>
        <line num="119" count="0" type="stmt"/>
        <line num="120" count="0" type="stmt"/>
        <line num="122" count="0" type="cond" truecount="0" falsecount="2"/>
        <line num="123" count="0" type="stmt"/>
        <line num="125" count="0" type="stmt"/>
        <line num="128" count="0" type="stmt"/>
        <line num="141" count="0" type="stmt"/>
        <line num="142" count="0" type="stmt"/>
        <line num="144" count="0" type="cond" truecount="0" falsecount="2"/>
        <line num="145" count="0" type="stmt"/>
        <line num="147" count="0" type="stmt"/>
        <line num="150" count="0" type="stmt"/>
        <line num="159" count="1" type="stmt"/>
      </file>
      <file name="userController.js" path="D:\online_shop\backend\src\controllers\userController.js">
        <metrics statements="31" coveredstatements="13" conditionals="8" coveredconditionals="4" methods="5" coveredmethods="2"/>
        <line num="8" count="1" type="stmt"/>
        <line num="16" count="12" type="stmt"/>
        <line num="17" count="12" type="stmt"/>
        <line num="19" count="12" type="cond" truecount="2" falsecount="0"/>
        <line num="20" count="9" type="stmt"/>
        <line num="22" count="3" type="stmt"/>
        <line num="25" count="0" type="stmt"/>
        <line num="38" count="3" type="stmt"/>
        <line num="39" count="3" type="stmt"/>
        <line num="40" count="3" type="stmt"/>
        <line num="42" count="3" type="cond" truecount="2" falsecount="0"/>
        <line num="43" count="1" type="stmt"/>
        <line num="45" count="2" type="stmt"/>
        <line num="48" count="0" type="stmt"/>
        <line num="61" count="0" type="stmt"/>
        <line num="62" count="0" type="stmt"/>
        <line num="64" count="0" type="cond" truecount="0" falsecount="2"/>
        <line num="65" count="0" type="stmt"/>
        <line num="67" count="0" type="stmt"/>
        <line num="70" count="0" type="stmt"/>
        <line num="83" count="0" type="stmt"/>
        <line num="84" count="0" type="stmt"/>
        <line num="85" count="0" type="stmt"/>
        <line num="87" count="0" type="stmt"/>
        <line num="100" count="0" type="stmt"/>
        <line num="101" count="0" type="stmt"/>
        <line num="103" count="0" type="cond" truecount="0" falsecount="2"/>
        <line num="104" count="0" type="stmt"/>
        <line num="106" count="0" type="stmt"/>
        <line num="109" count="0" type="stmt"/>
        <line num="118" count="1" type="stmt"/>
      </file>
    </package>
    <package name="models">
      <metrics statements="84" coveredstatements="67" conditionals="96" coveredconditionals="77" methods="15" coveredmethods="10"/>
      <file name="Order.js" path="D:\online_shop\backend\src\models\Order.js">
        <metrics statements="34" coveredstatements="26" conditionals="41" coveredconditionals="29" methods="7" coveredmethods="4"/>
        <line num="6" count="1" type="stmt"/>
        <line num="10" count="3" type="cond" truecount="2" falsecount="0"/>
        <line num="11" count="3" type="stmt"/>
        <line num="12" count="3" type="cond" truecount="1" falsecount="1"/>
        <line num="13" count="3" type="cond" truecount="1" falsecount="1"/>
        <line num="14" count="3" type="cond" truecount="2" falsecount="0"/>
        <line num="15" count="3" type="cond" truecount="1" falsecount="1"/>
        <line num="16" count="3" type="cond" truecount="1" falsecount="1"/>
        <line num="17" count="3" type="cond" truecount="2" falsecount="0"/>
        <line num="18" count="3" type="cond" truecount="1" falsecount="1"/>
        <line num="19" count="3" type="cond" truecount="2" falsecount="0"/>
        <line num="20" count="3" type="cond" truecount="2" falsecount="0"/>
        <line num="21" count="3" type="stmt"/>
        <line num="26" count="0" type="stmt"/>
        <line num="27" count="0" type="stmt"/>
        <line num="33" count="3" type="stmt"/>
        <line num="51" count="4" type="stmt"/>
        <line num="53" count="4" type="cond" truecount="1" falsecount="1"/>
        <line num="54" count="0" type="stmt"/>
        <line num="57" count="4" type="cond" truecount="5" falsecount="0"/>
        <line num="58" count="1" type="stmt"/>
        <line num="61" count="4" type="cond" truecount="1" falsecount="1"/>
        <line num="62" count="4" type="stmt"/>
        <line num="63" count="3" type="cond" truecount="1" falsecount="1"/>
        <line num="64" count="0" type="stmt"/>
        <line num="66" count="3" type="cond" truecount="3" falsecount="1"/>
        <line num="67" count="0" type="stmt"/>
        <line num="72" count="4" type="cond" truecount="3" falsecount="1"/>
        <line num="73" count="0" type="stmt"/>
        <line num="76" count="4" type="stmt"/>
        <line num="83" count="1" type="stmt"/>
        <line num="87" count="0" type="stmt"/>
        <line num="95" count="0" type="cond" truecount="0" falsecount="2"/>
        <line num="99" count="1" type="stmt"/>
      </file>
      <file name="Product.js" path="D:\online_shop\backend\src\models\Product.js">
        <metrics statements="32" coveredstatements="24" conditionals="37" coveredconditionals="31" methods="5" coveredmethods="3"/>
        <line num="6" count="1" type="stmt"/>
        <line num="10" count="242" type="cond" truecount="2" falsecount="0"/>
        <line num="11" count="242" type="stmt"/>
        <line num="12" count="242" type="stmt"/>
        <line num="13" count="242" type="cond" truecount="2" falsecount="0"/>
        <line num="14" count="242" type="stmt"/>
        <line num="15" count="242" type="cond" truecount="2" falsecount="0"/>
        <line num="16" count="242" type="cond" truecount="2" falsecount="0"/>
        <line num="17" count="242" type="cond" truecount="2" falsecount="0"/>
        <line num="18" count="242" type="cond" truecount="1" falsecount="1"/>
        <line num="19" count="242" type="cond" truecount="2" falsecount="0"/>
        <line num="20" count="242" type="cond" truecount="2" falsecount="0"/>
        <line num="21" count="242" type="cond" truecount="2" falsecount="0"/>
        <line num="22" count="242" type="stmt"/>
        <line num="27" count="50" type="stmt"/>
        <line num="46" count="2" type="stmt"/>
        <line num="48" count="2" type="cond" truecount="3" falsecount="1"/>
        <line num="49" count="0" type="stmt"/>
        <line num="52" count="2" type="cond" truecount="4" falsecount="0"/>
        <line num="53" count="1" type="stmt"/>
        <line num="56" count="2" type="cond" truecount="4" falsecount="0"/>
        <line num="57" count="1" type="stmt"/>
        <line num="60" count="2" type="cond" truecount="3" falsecount="1"/>
        <line num="61" count="0" type="stmt"/>
        <line num="64" count="2" type="stmt"/>
        <line num="72" count="0" type="stmt"/>
        <line num="77" count="0" type="cond" truecount="0" falsecount="2"/>
        <line num="78" count="0" type="stmt"/>
        <line num="79" count="0" type="stmt"/>
        <line num="80" count="0" type="stmt"/>
        <line num="82" count="0" type="stmt"/>
        <line num="86" count="1" type="stmt"/>
      </file>
      <file name="User.js" path="D:\online_shop\backend\src\models\User.js">
        <metrics statements="18" coveredstatements="17" conditionals="18" coveredconditionals="17" methods="3" coveredmethods="3"/>
        <line num="6" count="1" type="stmt"/>
        <line num="10" count="9" type="cond" truecount="2" falsecount="0"/>
        <line num="11" count="9" type="stmt"/>
        <line num="12" count="9" type="stmt"/>
        <line num="13" count="9" type="stmt"/>
        <line num="14" count="9" type="cond" truecount="2" falsecount="0"/>
        <line num="15" count="9" type="cond" truecount="2" falsecount="0"/>
        <line num="16" count="9" type="stmt"/>
        <line num="21" count="10" type="stmt"/>
        <line num="33" count="12" type="stmt"/>
        <line num="35" count="12" type="cond" truecount="4" falsecount="0"/>
        <line num="36" count="1" type="stmt"/>
        <line num="39" count="12" type="cond" truecount="4" falsecount="0"/>
        <line num="40" count="1" type="stmt"/>
        <line num="43" count="12" type="cond" truecount="3" falsecount="1"/>
        <line num="44" count="0" type="stmt"/>
        <line num="47" count="12" type="stmt"/>
        <line num="54" count="1" type="stmt"/>
      </file>
    </package>
    <package name="patterns">
      <metrics statements="44" coveredstatements="30" conditionals="8" coveredconditionals="2" methods="24" coveredmethods="18"/>
      <file name="singleton.js" path="D:\online_shop\backend\src\patterns\singleton.js">
        <metrics statements="44" coveredstatements="30" conditionals="8" coveredconditionals="2" methods="24" coveredmethods="18"/>
        <line num="17" count="1" type="cond" truecount="1" falsecount="1"/>
        <line num="18" count="0" type="stmt"/>
        <line num="22" count="1" type="stmt"/>
        <line num="23" count="1" type="stmt"/>
        <line num="24" count="1" type="stmt"/>
        <line num="25" count="1" type="stmt"/>
        <line num="28" count="1" type="stmt"/>
        <line num="30" count="1" type="stmt"/>
        <line num="35" count="1" type="stmt"/>
        <line num="48" count="1" type="stmt"/>
        <line num="52" count="10" type="stmt"/>
        <line num="53" count="10" type="stmt"/>
        <line num="57" count="13" type="stmt"/>
        <line num="61" count="3" type="stmt"/>
        <line num="66" count="33" type="stmt"/>
        <line num="70" count="193" type="stmt"/>
        <line num="71" count="193" type="stmt"/>
        <line num="75" count="2" type="stmt"/>
        <line num="79" count="2" type="stmt"/>
        <line num="80" count="2" type="cond" truecount="1" falsecount="1"/>
        <line num="81" count="2" type="stmt"/>
        <line num="82" count="2" type="stmt"/>
        <line num="84" count="0" type="stmt"/>
        <line num="88" count="0" type="stmt"/>
        <line num="89" count="0" type="cond" truecount="0" falsecount="2"/>
        <line num="90" count="0" type="stmt"/>
        <line num="92" count="0" type="stmt"/>
        <line num="97" count="0" type="stmt"/>
        <line num="101" count="2" type="stmt"/>
        <line num="102" count="2" type="stmt"/>
        <line num="106" count="0" type="stmt"/>
        <line num="110" count="1" type="stmt"/>
        <line num="114" count="0" type="stmt"/>
        <line num="115" count="0" type="cond" truecount="0" falsecount="2"/>
        <line num="116" count="0" type="stmt"/>
        <line num="117" count="0" type="stmt"/>
        <line num="118" count="0" type="stmt"/>
        <line num="120" count="0" type="stmt"/>
        <line num="125" count="23" type="stmt"/>
        <line num="126" count="23" type="stmt"/>
        <line num="127" count="23" type="stmt"/>
        <line num="128" count="23" type="stmt"/>
        <line num="133" count="1" type="stmt"/>
        <line num="135" count="1" type="stmt"/>
      </file>
    </package>
    <package name="routes">
      <metrics statements="32" coveredstatements="32" conditionals="0" coveredconditionals="0" methods="20" coveredmethods="8"/>
      <file name="orderRoutes.js" path="D:\online_shop\backend\src\routes\orderRoutes.js">
        <metrics statements="12" coveredstatements="12" conditionals="0" coveredconditionals="0" methods="8" coveredmethods="2"/>
        <line num="7" count="1" type="stmt"/>
        <line num="8" count="1" type="stmt"/>
        <line num="9" count="1" type="stmt"/>
        <line num="17" count="1" type="stmt"/>
        <line num="24" count="1" type="stmt"/>
        <line num="31" count="1" type="stmt"/>
        <line num="38" count="1" type="stmt"/>
        <line num="45" count="4" type="stmt"/>
        <line num="52" count="1" type="stmt"/>
        <line num="59" count="1" type="stmt"/>
        <line num="66" count="1" type="stmt"/>
        <line num="68" count="1" type="stmt"/>
      </file>
      <file name="productRoutes.js" path="D:\online_shop\backend\src\routes\productRoutes.js">
        <metrics statements="11" coveredstatements="11" conditionals="0" coveredconditionals="0" methods="7" coveredmethods="4"/>
        <line num="7" count="1" type="stmt"/>
        <line num="8" count="1" type="stmt"/>
        <line num="9" count="1" type="stmt"/>
        <line num="17" count="7" type="stmt"/>
        <line num="24" count="1" type="stmt"/>
        <line num="32" count="1" type="stmt"/>
        <line num="39" count="1" type="stmt"/>
        <line num="46" count="2" type="stmt"/>
        <line num="53" count="1" type="stmt"/>
        <line num="60" count="1" type="stmt"/>
        <line num="62" count="1" type="stmt"/>
      </file>
      <file name="userRoutes.js" path="D:\online_shop\backend\src\routes\userRoutes.js">
        <metrics statements="9" coveredstatements="9" conditionals="0" coveredconditionals="0" methods="5" coveredmethods="2"/>
        <line num="7" count="1" type="stmt"/>
        <line num="8" count="1" type="stmt"/>
        <line num="9" count="1" type="stmt"/>
        <line num="16" count="12" type="stmt"/>
        <line num="23" count="3" type="stmt"/>
        <line num="30" count="1" type="stmt"/>
        <line num="37" count="1" type="stmt"/>
        <line num="44" count="1" type="stmt"/>
        <line num="46" count="1" type="stmt"/>
      </file>
    </package>
    <package name="services">
      <metrics statements="183" coveredstatements="83" conditionals="89" coveredconditionals="33" methods="46" coveredmethods="20"/>
      <file name="orderService.js" path="D:\online_shop\backend\src\services\orderService.js">
        <metrics statements="88" coveredstatements="26" conditionals="41" coveredconditionals="7" methods="19" coveredmethods="3"/>
        <line num="8" count="1" type="stmt"/>
        <line num="9" count="1" type="stmt"/>
        <line num="19" count="4" type="stmt"/>
        <line num="20" count="4" type="cond" truecount="2" falsecount="0"/>
        <line num="21" count="1" type="stmt"/>
        <line num="29" count="3" type="stmt"/>
        <line num="30" count="3" type="cond" truecount="2" falsecount="0"/>
        <line num="31" count="1" type="stmt"/>
        <line num="38" count="2" type="stmt"/>
        <line num="39" count="2" type="stmt"/>
        <line num="41" count="2" type="stmt"/>
        <line num="42" count="2" type="stmt"/>
        <line num="44" count="2" type="cond" truecount="1" falsecount="1"/>
        <line num="45" count="0" type="stmt"/>
        <line num="51" count="2" type="cond" truecount="1" falsecount="1"/>
        <line num="52" count="0" type="stmt"/>
        <line num="59" count="2" type="stmt"/>
        <line num="67" count="2" type="stmt"/>
        <line num="70" count="2" type="stmt"/>
        <line num="71" count="2" type="stmt"/>
        <line num="75" count="2" type="stmt"/>
        <line num="83" count="2" type="stmt"/>
        <line num="85" count="2" type="stmt"/>
        <line num="98" count="0" type="cond" truecount="0" falsecount="2"/>
        <line num="99" count="0" type="stmt"/>
        <line num="105" count="0" type="stmt"/>
        <line num="107" count="0" type="cond" truecount="0" falsecount="2"/>
        <line num="108" count="0" type="stmt"/>
        <line num="114" count="0" type="stmt"/>
        <line num="126" count="1" type="cond" truecount="1" falsecount="1"/>
        <line num="127" count="0" type="stmt"/>
        <line num="133" count="1" type="stmt"/>
        <line num="135" count="1" type="stmt"/>
        <line num="137" count="1" type="stmt"/>
        <line num="148" count="0" type="stmt"/>
        <line num="151" count="0" type="cond" truecount="0" falsecount="2"/>
        <line num="152" count="0" type="stmt"/>
        <line num="155" count="0" type="cond" truecount="0" falsecount="2"/>
        <line num="156" count="0" type="stmt"/>
        <line num="160" count="0" type="stmt"/>
        <line num="162" count="0" type="stmt"/>
        <line num="164" count="0" type="stmt"/>
        <line num="176" count="0" type="stmt"/>
        <line num="178" count="0" type="cond" truecount="0" falsecount="2"/>
        <line num="179" count="0" type="stmt"/>
        <line num="186" count="0" type="cond" truecount="0" falsecount="2"/>
        <line num="187" count="0" type="stmt"/>
        <line num="194" count="0" type="stmt"/>
        <line num="195" count="0" type="cond" truecount="0" falsecount="2"/>
        <line num="196" count="0" type="stmt"/>
        <line num="203" count="0" type="stmt"/>
        <line num="205" count="0" type="stmt"/>
        <line num="219" count="0" type="stmt"/>
        <line num="221" count="0" type="cond" truecount="0" falsecount="2"/>
        <line num="222" count="0" type="stmt"/>
        <line num="228" count="0" type="stmt"/>
        <line num="229" count="0" type="cond" truecount="0" falsecount="2"/>
        <line num="230" count="0" type="stmt"/>
        <line num="236" count="0" type="stmt"/>
        <line num="237" count="0" type="stmt"/>
        <line num="240" count="0" type="cond" truecount="0" falsecount="4"/>
        <line num="241" count="0" type="stmt"/>
        <line num="244" count="0" type="stmt"/>
        <line num="258" count="0" type="stmt"/>
        <line num="260" count="0" type="cond" truecount="0" falsecount="2"/>
        <line num="261" count="0" type="stmt"/>
        <line num="268" count="0" type="cond" truecount="0" falsecount="2"/>
        <line num="269" count="0" type="stmt"/>
        <line num="276" count="0" type="cond" truecount="0" falsecount="2"/>
        <line num="277" count="0" type="stmt"/>
        <line num="284" count="0" type="stmt"/>
        <line num="285" count="0" type="stmt"/>
        <line num="286" count="0" type="cond" truecount="0" falsecount="2"/>
        <line num="287" count="0" type="stmt"/>
        <line num="288" count="0" type="stmt"/>
        <line num="293" count="0" type="stmt"/>
        <line num="294" count="0" type="stmt"/>
        <line num="296" count="0" type="stmt"/>
        <line num="308" count="0" type="stmt"/>
        <line num="310" count="0" type="stmt"/>
        <line num="313" count="0" type="stmt"/>
        <line num="314" count="0" type="stmt"/>
        <line num="320" count="0" type="stmt"/>
        <line num="321" count="0" type="stmt"/>
        <line num="325" count="0" type="stmt"/>
        <line num="326" count="0" type="stmt"/>
        <line num="329" count="0" type="stmt"/>
        <line num="336" count="1" type="stmt"/>
      </file>
      <file name="productService.js" path="D:\online_shop\backend\src\services\productService.js">
        <metrics statements="56" coveredstatements="37" conditionals="28" coveredconditionals="15" methods="20" coveredmethods="15"/>
        <line num="8" count="1" type="stmt"/>
        <line num="9" count="1" type="stmt"/>
        <line num="14" count="1" type="stmt"/>
        <line num="21" count="24" type="stmt"/>
        <line num="145" count="24" type="cond" truecount="1" falsecount="1"/>
        <line num="146" count="24" type="stmt"/>
        <line num="147" count="192" type="stmt"/>
        <line num="148" count="192" type="stmt"/>
        <line num="150" count="24" type="stmt"/>
        <line num="160" count="7" type="stmt"/>
        <line num="163" count="7" type="cond" truecount="2" falsecount="0"/>
        <line num="164" count="1" type="stmt"/>
        <line num="165" count="8" type="stmt"/>
        <line num="169" count="7" type="cond" truecount="2" falsecount="0"/>
        <line num="170" count="8" type="stmt"/>
        <line num="173" count="7" type="cond" truecount="2" falsecount="0"/>
        <line num="174" count="5" type="stmt"/>
        <line num="177" count="7" type="cond" truecount="1" falsecount="1"/>
        <line num="178" count="0" type="stmt"/>
        <line num="181" count="7" type="cond" truecount="1" falsecount="1"/>
        <line num="182" count="0" type="stmt"/>
        <line num="185" count="7" type="stmt"/>
        <line num="187" count="43" type="stmt"/>
        <line num="198" count="0" type="cond" truecount="0" falsecount="2"/>
        <line num="199" count="0" type="stmt"/>
        <line num="205" count="0" type="stmt"/>
        <line num="207" count="0" type="cond" truecount="0" falsecount="2"/>
        <line num="208" count="0" type="stmt"/>
        <line num="214" count="0" type="stmt"/>
        <line num="226" count="2" type="stmt"/>
        <line num="227" count="2" type="cond" truecount="2" falsecount="0"/>
        <line num="228" count="1" type="stmt"/>
        <line num="235" count="1" type="stmt"/>
        <line num="236" count="1" type="stmt"/>
        <line num="238" count="1" type="stmt"/>
        <line num="252" count="0" type="stmt"/>
        <line num="254" count="0" type="cond" truecount="0" falsecount="2"/>
        <line num="255" count="0" type="stmt"/>
        <line num="261" count="0" type="stmt"/>
        <line num="266" count="0" type="stmt"/>
        <line num="279" count="0" type="stmt"/>
        <line num="281" count="0" type="cond" truecount="0" falsecount="2"/>
        <line num="282" count="0" type="stmt"/>
        <line num="288" count="0" type="stmt"/>
        <line num="290" count="0" type="stmt"/>
        <line num="301" count="8" type="stmt"/>
        <line num="303" count="1" type="stmt"/>
        <line num="305" count="5" type="stmt"/>
        <line num="316" count="1" type="cond" truecount="1" falsecount="1"/>
        <line num="317" count="0" type="stmt"/>
        <line num="320" count="1" type="stmt"/>
        <line num="321" count="1" type="stmt"/>
        <line num="322" count="8" type="cond" truecount="3" falsecount="0"/>
        <line num="327" count="1" type="stmt"/>
        <line num="329" count="1" type="stmt"/>
        <line num="336" count="1" type="stmt"/>
      </file>
      <file name="userService.js" path="D:\online_shop\backend\src\services\userService.js">
        <metrics statements="39" coveredstatements="20" conditionals="20" coveredconditionals="11" methods="7" coveredmethods="2"/>
        <line num="8" count="1" type="stmt"/>
        <line num="9" count="1" type="stmt"/>
        <line num="19" count="12" type="stmt"/>
        <line num="20" count="12" type="cond" truecount="2" falsecount="0"/>
        <line num="21" count="2" type="stmt"/>
        <line num="29" count="10" type="stmt"/>
        <line num="30" count="10" type="cond" truecount="2" falsecount="0"/>
        <line num="31" count="1" type="stmt"/>
        <line num="38" count="9" type="stmt"/>
        <line num="39" count="9" type="stmt"/>
        <line num="41" count="9" type="stmt"/>
        <line num="55" count="3" type="cond" truecount="3" falsecount="1"/>
        <line num="56" count="0" type="stmt"/>
        <line num="62" count="3" type="stmt"/>
        <line num="64" count="3" type="cond" truecount="2" falsecount="0"/>
        <line num="65" count="1" type="stmt"/>
        <line num="72" count="2" type="cond" truecount="2" falsecount="0"/>
        <line num="73" count="1" type="stmt"/>
        <line num="80" count="1" type="stmt"/>
        <line num="82" count="1" type="stmt"/>
        <line num="98" count="0" type="cond" truecount="0" falsecount="2"/>
        <line num="99" count="0" type="stmt"/>
        <line num="105" count="0" type="stmt"/>
        <line num="107" count="0" type="cond" truecount="0" falsecount="2"/>
        <line num="108" count="0" type="stmt"/>
        <line num="114" count="0" type="stmt"/>
        <line num="125" count="0" type="stmt"/>
        <line num="126" count="0" type="stmt"/>
        <line num="128" count="0" type="stmt"/>
        <line num="140" count="0" type="stmt"/>
        <line num="142" count="0" type="cond" truecount="0" falsecount="2"/>
        <line num="143" count="0" type="stmt"/>
        <line num="150" count="0" type="stmt"/>
        <line num="151" count="0" type="stmt"/>
        <line num="152" count="0" type="cond" truecount="0" falsecount="2"/>
        <line num="153" count="0" type="stmt"/>
        <line num="157" count="0" type="stmt"/>
        <line num="159" count="0" type="stmt"/>
        <line num="167" count="1" type="stmt"/>
      </file>
    </package>
  </project>
</coverage>
