{"D:\\online_shop\\backend\\src\\controllers\\orderController.js": {"path":"D:\\online_shop\\backend\\src\\controllers\\orderController.js","statementMap":{"0":{"start":{"line":8,"column":21},"end":{"line":8,"column":56}},"1":{"start":{"line":16,"column":4},"end":{"line":30,"column":5}},"2":{"start":{"line":17,"column":21},"end":{"line":17,"column":55}},"3":{"start":{"line":19,"column":6},"end":{"line":23,"column":7}},"4":{"start":{"line":20,"column":8},"end":{"line":20,"column":37}},"5":{"start":{"line":22,"column":8},"end":{"line":22,"column":37}},"6":{"start":{"line":25,"column":6},"end":{"line":29,"column":9}},"7":{"start":{"line":38,"column":4},"end":{"line":52,"column":5}},"8":{"start":{"line":39,"column":21},"end":{"line":39,"column":61}},"9":{"start":{"line":41,"column":6},"end":{"line":45,"column":7}},"10":{"start":{"line":42,"column":8},"end":{"line":42,"column":37}},"11":{"start":{"line":44,"column":8},"end":{"line":44,"column":37}},"12":{"start":{"line":47,"column":6},"end":{"line":51,"column":9}},"13":{"start":{"line":60,"column":4},"end":{"line":69,"column":5}},"14":{"start":{"line":61,"column":21},"end":{"line":61,"column":70}},"15":{"start":{"line":62,"column":6},"end":{"line":62,"column":35}},"16":{"start":{"line":64,"column":6},"end":{"line":68,"column":9}},"17":{"start":{"line":77,"column":4},"end":{"line":91,"column":5}},"18":{"start":{"line":78,"column":22},"end":{"line":81,"column":7}},"19":{"start":{"line":83,"column":21},"end":{"line":83,"column":55}},"20":{"start":{"line":84,"column":6},"end":{"line":84,"column":35}},"21":{"start":{"line":86,"column":6},"end":{"line":90,"column":9}},"22":{"start":{"line":99,"column":4},"end":{"line":114,"column":5}},"23":{"start":{"line":100,"column":25},"end":{"line":100,"column":33}},"24":{"start":{"line":101,"column":21},"end":{"line":101,"column":74}},"25":{"start":{"line":103,"column":6},"end":{"line":107,"column":7}},"26":{"start":{"line":104,"column":8},"end":{"line":104,"column":37}},"27":{"start":{"line":106,"column":8},"end":{"line":106,"column":37}},"28":{"start":{"line":109,"column":6},"end":{"line":113,"column":9}},"29":{"start":{"line":122,"column":4},"end":{"line":137,"column":5}},"30":{"start":{"line":123,"column":32},"end":{"line":123,"column":40}},"31":{"start":{"line":124,"column":21},"end":{"line":124,"column":83}},"32":{"start":{"line":126,"column":6},"end":{"line":130,"column":7}},"33":{"start":{"line":127,"column":8},"end":{"line":127,"column":37}},"34":{"start":{"line":129,"column":8},"end":{"line":129,"column":37}},"35":{"start":{"line":132,"column":6},"end":{"line":136,"column":9}},"36":{"start":{"line":145,"column":4},"end":{"line":160,"column":5}},"37":{"start":{"line":146,"column":25},"end":{"line":146,"column":33}},"38":{"start":{"line":147,"column":21},"end":{"line":147,"column":68}},"39":{"start":{"line":149,"column":6},"end":{"line":153,"column":7}},"40":{"start":{"line":150,"column":8},"end":{"line":150,"column":37}},"41":{"start":{"line":152,"column":8},"end":{"line":152,"column":37}},"42":{"start":{"line":155,"column":6},"end":{"line":159,"column":9}},"43":{"start":{"line":168,"column":4},"end":{"line":177,"column":5}},"44":{"start":{"line":169,"column":21},"end":{"line":169,"column":49}},"45":{"start":{"line":170,"column":6},"end":{"line":170,"column":35}},"46":{"start":{"line":172,"column":6},"end":{"line":176,"column":9}},"47":{"start":{"line":181,"column":0},"end":{"line":181,"column":39}}},"fnMap":{"0":{"name":"(anonymous_0)","decl":{"start":{"line":15,"column":2},"end":{"line":15,"column":3}},"loc":{"start":{"line":15,"column":24},"end":{"line":31,"column":3}},"line":15},"1":{"name":"(anonymous_1)","decl":{"start":{"line":37,"column":2},"end":{"line":37,"column":3}},"loc":{"start":{"line":37,"column":25},"end":{"line":53,"column":3}},"line":37},"2":{"name":"(anonymous_2)","decl":{"start":{"line":59,"column":2},"end":{"line":59,"column":3}},"loc":{"start":{"line":59,"column":30},"end":{"line":70,"column":3}},"line":59},"3":{"name":"(anonymous_3)","decl":{"start":{"line":76,"column":2},"end":{"line":76,"column":3}},"loc":{"start":{"line":76,"column":25},"end":{"line":92,"column":3}},"line":76},"4":{"name":"(anonymous_4)","decl":{"start":{"line":98,"column":2},"end":{"line":98,"column":3}},"loc":{"start":{"line":98,"column":30},"end":{"line":115,"column":3}},"line":98},"5":{"name":"(anonymous_5)","decl":{"start":{"line":121,"column":2},"end":{"line":121,"column":3}},"loc":{"start":{"line":121,"column":32},"end":{"line":138,"column":3}},"line":121},"6":{"name":"(anonymous_6)","decl":{"start":{"line":144,"column":2},"end":{"line":144,"column":3}},"loc":{"start":{"line":144,"column":24},"end":{"line":161,"column":3}},"line":144},"7":{"name":"(anonymous_7)","decl":{"start":{"line":167,"column":2},"end":{"line":167,"column":3}},"loc":{"start":{"line":167,"column":26},"end":{"line":178,"column":3}},"line":167}},"branchMap":{"0":{"loc":{"start":{"line":19,"column":6},"end":{"line":23,"column":7}},"type":"if","locations":[{"start":{"line":19,"column":6},"end":{"line":23,"column":7}},{"start":{"line":21,"column":13},"end":{"line":23,"column":7}}],"line":19},"1":{"loc":{"start":{"line":41,"column":6},"end":{"line":45,"column":7}},"type":"if","locations":[{"start":{"line":41,"column":6},"end":{"line":45,"column":7}},{"start":{"line":43,"column":13},"end":{"line":45,"column":7}}],"line":41},"2":{"loc":{"start":{"line":103,"column":6},"end":{"line":107,"column":7}},"type":"if","locations":[{"start":{"line":103,"column":6},"end":{"line":107,"column":7}},{"start":{"line":105,"column":13},"end":{"line":107,"column":7}}],"line":103},"3":{"loc":{"start":{"line":126,"column":6},"end":{"line":130,"column":7}},"type":"if","locations":[{"start":{"line":126,"column":6},"end":{"line":130,"column":7}},{"start":{"line":128,"column":13},"end":{"line":130,"column":7}}],"line":126},"4":{"loc":{"start":{"line":149,"column":6},"end":{"line":153,"column":7}},"type":"if","locations":[{"start":{"line":149,"column":6},"end":{"line":153,"column":7}},{"start":{"line":151,"column":13},"end":{"line":153,"column":7}}],"line":149}},"s":{"0":1,"1":4,"2":4,"3":4,"4":2,"5":2,"6":0,"7":0,"8":0,"9":0,"10":0,"11":0,"12":0,"13":1,"14":1,"15":1,"16":0,"17":0,"18":0,"19":0,"20":0,"21":0,"22":0,"23":0,"24":0,"25":0,"26":0,"27":0,"28":0,"29":0,"30":0,"31":0,"32":0,"33":0,"34":0,"35":0,"36":0,"37":0,"38":0,"39":0,"40":0,"41":0,"42":0,"43":0,"44":0,"45":0,"46":0,"47":1},"f":{"0":4,"1":0,"2":1,"3":0,"4":0,"5":0,"6":0,"7":0},"b":{"0":[2,2],"1":[0,0],"2":[0,0],"3":[0,0],"4":[0,0]},"_coverageSchema":"1a1c01bbd47fc00a2c39e90264f33305004495a9","hash":"62c7cf71921ddfc5c0a63bf4f781dd611124471a"}
,"D:\\online_shop\\backend\\src\\controllers\\productController.js": {"path":"D:\\online_shop\\backend\\src\\controllers\\productController.js","statementMap":{"0":{"start":{"line":8,"column":23},"end":{"line":8,"column":60}},"1":{"start":{"line":16,"column":4},"end":{"line":33,"column":5}},"2":{"start":{"line":17,"column":22},"end":{"line":23,"column":7}},"3":{"start":{"line":25,"column":21},"end":{"line":25,"column":59}},"4":{"start":{"line":26,"column":6},"end":{"line":26,"column":35}},"5":{"start":{"line":28,"column":6},"end":{"line":32,"column":9}},"6":{"start":{"line":41,"column":4},"end":{"line":50,"column":5}},"7":{"start":{"line":42,"column":21},"end":{"line":42,"column":57}},"8":{"start":{"line":43,"column":6},"end":{"line":43,"column":35}},"9":{"start":{"line":45,"column":6},"end":{"line":49,"column":9}},"10":{"start":{"line":58,"column":4},"end":{"line":67,"column":5}},"11":{"start":{"line":59,"column":21},"end":{"line":59,"column":63}},"12":{"start":{"line":60,"column":6},"end":{"line":60,"column":35}},"13":{"start":{"line":62,"column":6},"end":{"line":66,"column":9}},"14":{"start":{"line":75,"column":4},"end":{"line":89,"column":5}},"15":{"start":{"line":76,"column":21},"end":{"line":76,"column":65}},"16":{"start":{"line":78,"column":6},"end":{"line":82,"column":7}},"17":{"start":{"line":79,"column":8},"end":{"line":79,"column":37}},"18":{"start":{"line":81,"column":8},"end":{"line":81,"column":37}},"19":{"start":{"line":84,"column":6},"end":{"line":88,"column":9}},"20":{"start":{"line":97,"column":4},"end":{"line":111,"column":5}},"21":{"start":{"line":98,"column":21},"end":{"line":98,"column":59}},"22":{"start":{"line":100,"column":6},"end":{"line":104,"column":7}},"23":{"start":{"line":101,"column":8},"end":{"line":101,"column":37}},"24":{"start":{"line":103,"column":8},"end":{"line":103,"column":37}},"25":{"start":{"line":106,"column":6},"end":{"line":110,"column":9}},"26":{"start":{"line":119,"column":4},"end":{"line":133,"column":5}},"27":{"start":{"line":120,"column":21},"end":{"line":120,"column":74}},"28":{"start":{"line":122,"column":6},"end":{"line":126,"column":7}},"29":{"start":{"line":123,"column":8},"end":{"line":123,"column":37}},"30":{"start":{"line":125,"column":8},"end":{"line":125,"column":37}},"31":{"start":{"line":128,"column":6},"end":{"line":132,"column":9}},"32":{"start":{"line":141,"column":4},"end":{"line":155,"column":5}},"33":{"start":{"line":142,"column":21},"end":{"line":142,"column":64}},"34":{"start":{"line":144,"column":6},"end":{"line":148,"column":7}},"35":{"start":{"line":145,"column":8},"end":{"line":145,"column":37}},"36":{"start":{"line":147,"column":8},"end":{"line":147,"column":37}},"37":{"start":{"line":150,"column":6},"end":{"line":154,"column":9}},"38":{"start":{"line":159,"column":0},"end":{"line":159,"column":41}}},"fnMap":{"0":{"name":"(anonymous_0)","decl":{"start":{"line":15,"column":2},"end":{"line":15,"column":3}},"loc":{"start":{"line":15,"column":27},"end":{"line":34,"column":3}},"line":15},"1":{"name":"(anonymous_1)","decl":{"start":{"line":40,"column":2},"end":{"line":40,"column":3}},"loc":{"start":{"line":40,"column":32},"end":{"line":51,"column":3}},"line":40},"2":{"name":"(anonymous_2)","decl":{"start":{"line":57,"column":2},"end":{"line":57,"column":3}},"loc":{"start":{"line":57,"column":27},"end":{"line":68,"column":3}},"line":57},"3":{"name":"(anonymous_3)","decl":{"start":{"line":74,"column":2},"end":{"line":74,"column":3}},"loc":{"start":{"line":74,"column":27},"end":{"line":90,"column":3}},"line":74},"4":{"name":"(anonymous_4)","decl":{"start":{"line":96,"column":2},"end":{"line":96,"column":3}},"loc":{"start":{"line":96,"column":26},"end":{"line":112,"column":3}},"line":96},"5":{"name":"(anonymous_5)","decl":{"start":{"line":118,"column":2},"end":{"line":118,"column":3}},"loc":{"start":{"line":118,"column":26},"end":{"line":134,"column":3}},"line":118},"6":{"name":"(anonymous_6)","decl":{"start":{"line":140,"column":2},"end":{"line":140,"column":3}},"loc":{"start":{"line":140,"column":26},"end":{"line":156,"column":3}},"line":140}},"branchMap":{"0":{"loc":{"start":{"line":78,"column":6},"end":{"line":82,"column":7}},"type":"if","locations":[{"start":{"line":78,"column":6},"end":{"line":82,"column":7}},{"start":{"line":80,"column":13},"end":{"line":82,"column":7}}],"line":78},"1":{"loc":{"start":{"line":100,"column":6},"end":{"line":104,"column":7}},"type":"if","locations":[{"start":{"line":100,"column":6},"end":{"line":104,"column":7}},{"start":{"line":102,"column":13},"end":{"line":104,"column":7}}],"line":100},"2":{"loc":{"start":{"line":122,"column":6},"end":{"line":126,"column":7}},"type":"if","locations":[{"start":{"line":122,"column":6},"end":{"line":126,"column":7}},{"start":{"line":124,"column":13},"end":{"line":126,"column":7}}],"line":122},"3":{"loc":{"start":{"line":144,"column":6},"end":{"line":148,"column":7}},"type":"if","locations":[{"start":{"line":144,"column":6},"end":{"line":148,"column":7}},{"start":{"line":146,"column":13},"end":{"line":148,"column":7}}],"line":144}},"s":{"0":1,"1":7,"2":7,"3":7,"4":7,"5":0,"6":1,"7":1,"8":1,"9":0,"10":1,"11":1,"12":1,"13":0,"14":0,"15":0,"16":0,"17":0,"18":0,"19":0,"20":2,"21":2,"22":2,"23":1,"24":1,"25":0,"26":0,"27":0,"28":0,"29":0,"30":0,"31":0,"32":0,"33":0,"34":0,"35":0,"36":0,"37":0,"38":1},"f":{"0":7,"1":1,"2":1,"3":0,"4":2,"5":0,"6":0},"b":{"0":[0,0],"1":[1,1],"2":[0,0],"3":[0,0]},"_coverageSchema":"1a1c01bbd47fc00a2c39e90264f33305004495a9","hash":"52fab64dfcdb0eb97f0c0a402bb2ded7db9e10da"}
,"D:\\online_shop\\backend\\src\\controllers\\userController.js": {"path":"D:\\online_shop\\backend\\src\\controllers\\userController.js","statementMap":{"0":{"start":{"line":8,"column":20},"end":{"line":8,"column":54}},"1":{"start":{"line":16,"column":4},"end":{"line":30,"column":5}},"2":{"start":{"line":17,"column":21},"end":{"line":17,"column":51}},"3":{"start":{"line":19,"column":6},"end":{"line":23,"column":7}},"4":{"start":{"line":20,"column":8},"end":{"line":20,"column":37}},"5":{"start":{"line":22,"column":8},"end":{"line":22,"column":37}},"6":{"start":{"line":25,"column":6},"end":{"line":29,"column":9}},"7":{"start":{"line":38,"column":4},"end":{"line":53,"column":5}},"8":{"start":{"line":39,"column":34},"end":{"line":39,"column":42}},"9":{"start":{"line":40,"column":21},"end":{"line":40,"column":55}},"10":{"start":{"line":42,"column":6},"end":{"line":46,"column":7}},"11":{"start":{"line":43,"column":8},"end":{"line":43,"column":37}},"12":{"start":{"line":45,"column":8},"end":{"line":45,"column":37}},"13":{"start":{"line":48,"column":6},"end":{"line":52,"column":9}},"14":{"start":{"line":61,"column":4},"end":{"line":75,"column":5}},"15":{"start":{"line":62,"column":21},"end":{"line":62,"column":58}},"16":{"start":{"line":64,"column":6},"end":{"line":68,"column":7}},"17":{"start":{"line":65,"column":8},"end":{"line":65,"column":37}},"18":{"start":{"line":67,"column":8},"end":{"line":67,"column":37}},"19":{"start":{"line":70,"column":6},"end":{"line":74,"column":9}},"20":{"start":{"line":83,"column":4},"end":{"line":92,"column":5}},"21":{"start":{"line":84,"column":21},"end":{"line":84,"column":46}},"22":{"start":{"line":85,"column":6},"end":{"line":85,"column":35}},"23":{"start":{"line":87,"column":6},"end":{"line":91,"column":9}},"24":{"start":{"line":100,"column":4},"end":{"line":114,"column":5}},"25":{"start":{"line":101,"column":21},"end":{"line":101,"column":71}},"26":{"start":{"line":103,"column":6},"end":{"line":107,"column":7}},"27":{"start":{"line":104,"column":8},"end":{"line":104,"column":37}},"28":{"start":{"line":106,"column":8},"end":{"line":106,"column":37}},"29":{"start":{"line":109,"column":6},"end":{"line":113,"column":9}},"30":{"start":{"line":118,"column":0},"end":{"line":118,"column":38}}},"fnMap":{"0":{"name":"(anonymous_0)","decl":{"start":{"line":15,"column":2},"end":{"line":15,"column":3}},"loc":{"start":{"line":15,"column":21},"end":{"line":31,"column":3}},"line":15},"1":{"name":"(anonymous_1)","decl":{"start":{"line":37,"column":2},"end":{"line":37,"column":3}},"loc":{"start":{"line":37,"column":18},"end":{"line":54,"column":3}},"line":37},"2":{"name":"(anonymous_2)","decl":{"start":{"line":60,"column":2},"end":{"line":60,"column":3}},"loc":{"start":{"line":60,"column":23},"end":{"line":76,"column":3}},"line":60},"3":{"name":"(anonymous_3)","decl":{"start":{"line":82,"column":2},"end":{"line":82,"column":3}},"loc":{"start":{"line":82,"column":24},"end":{"line":93,"column":3}},"line":82},"4":{"name":"(anonymous_4)","decl":{"start":{"line":99,"column":2},"end":{"line":99,"column":3}},"loc":{"start":{"line":99,"column":26},"end":{"line":115,"column":3}},"line":99}},"branchMap":{"0":{"loc":{"start":{"line":19,"column":6},"end":{"line":23,"column":7}},"type":"if","locations":[{"start":{"line":19,"column":6},"end":{"line":23,"column":7}},{"start":{"line":21,"column":13},"end":{"line":23,"column":7}}],"line":19},"1":{"loc":{"start":{"line":42,"column":6},"end":{"line":46,"column":7}},"type":"if","locations":[{"start":{"line":42,"column":6},"end":{"line":46,"column":7}},{"start":{"line":44,"column":13},"end":{"line":46,"column":7}}],"line":42},"2":{"loc":{"start":{"line":64,"column":6},"end":{"line":68,"column":7}},"type":"if","locations":[{"start":{"line":64,"column":6},"end":{"line":68,"column":7}},{"start":{"line":66,"column":13},"end":{"line":68,"column":7}}],"line":64},"3":{"loc":{"start":{"line":103,"column":6},"end":{"line":107,"column":7}},"type":"if","locations":[{"start":{"line":103,"column":6},"end":{"line":107,"column":7}},{"start":{"line":105,"column":13},"end":{"line":107,"column":7}}],"line":103}},"s":{"0":1,"1":12,"2":12,"3":12,"4":9,"5":3,"6":0,"7":3,"8":3,"9":3,"10":3,"11":1,"12":2,"13":0,"14":0,"15":0,"16":0,"17":0,"18":0,"19":0,"20":0,"21":0,"22":0,"23":0,"24":0,"25":0,"26":0,"27":0,"28":0,"29":0,"30":1},"f":{"0":12,"1":3,"2":0,"3":0,"4":0},"b":{"0":[9,3],"1":[1,2],"2":[0,0],"3":[0,0]},"_coverageSchema":"1a1c01bbd47fc00a2c39e90264f33305004495a9","hash":"641b33f6ab281bfb84b7bd70c72fc34f88825e86"}
,"D:\\online_shop\\backend\\src\\models\\Order.js": {"path":"D:\\online_shop\\backend\\src\\models\\Order.js","statementMap":{"0":{"start":{"line":6,"column":15},"end":{"line":6,"column":32}},"1":{"start":{"line":10,"column":4},"end":{"line":10,"column":45}},"2":{"start":{"line":11,"column":4},"end":{"line":11,"column":30}},"3":{"start":{"line":12,"column":4},"end":{"line":12,"column":34}},"4":{"start":{"line":13,"column":4},"end":{"line":13,"column":65}},"5":{"start":{"line":14,"column":4},"end":{"line":14,"column":43}},"6":{"start":{"line":15,"column":4},"end":{"line":15,"column":43}},"7":{"start":{"line":16,"column":4},"end":{"line":16,"column":54}},"8":{"start":{"line":17,"column":4},"end":{"line":17,"column":54}},"9":{"start":{"line":18,"column":4},"end":{"line":18,"column":57}},"10":{"start":{"line":19,"column":4},"end":{"line":19,"column":34}},"11":{"start":{"line":20,"column":4},"end":{"line":20,"column":64}},"12":{"start":{"line":21,"column":4},"end":{"line":21,"column":46}},"13":{"start":{"line":26,"column":4},"end":{"line":28,"column":10}},"14":{"start":{"line":27,"column":6},"end":{"line":27,"column":48}},"15":{"start":{"line":33,"column":4},"end":{"line":46,"column":6}},"16":{"start":{"line":51,"column":19},"end":{"line":51,"column":21}},"17":{"start":{"line":53,"column":4},"end":{"line":55,"column":5}},"18":{"start":{"line":54,"column":6},"end":{"line":54,"column":41}},"19":{"start":{"line":57,"column":4},"end":{"line":59,"column":5}},"20":{"start":{"line":58,"column":6},"end":{"line":58,"column":58}},"21":{"start":{"line":61,"column":4},"end":{"line":70,"column":5}},"22":{"start":{"line":62,"column":6},"end":{"line":69,"column":9}},"23":{"start":{"line":63,"column":8},"end":{"line":65,"column":9}},"24":{"start":{"line":64,"column":10},"end":{"line":64,"column":67}},"25":{"start":{"line":66,"column":8},"end":{"line":68,"column":9}},"26":{"start":{"line":67,"column":10},"end":{"line":67,"column":71}},"27":{"start":{"line":72,"column":4},"end":{"line":74,"column":5}},"28":{"start":{"line":73,"column":6},"end":{"line":73,"column":50}},"29":{"start":{"line":76,"column":4},"end":{"line":79,"column":6}},"30":{"start":{"line":83,"column":25},"end":{"line":83,"column":86}},"31":{"start":{"line":87,"column":24},"end":{"line":93,"column":5}},"32":{"start":{"line":95,"column":4},"end":{"line":95,"column":66}},"33":{"start":{"line":99,"column":0},"end":{"line":99,"column":23}}},"fnMap":{"0":{"name":"(anonymous_0)","decl":{"start":{"line":9,"column":2},"end":{"line":9,"column":3}},"loc":{"start":{"line":9,"column":20},"end":{"line":22,"column":3}},"line":9},"1":{"name":"(anonymous_1)","decl":{"start":{"line":25,"column":2},"end":{"line":25,"column":3}},"loc":{"start":{"line":25,"column":19},"end":{"line":29,"column":3}},"line":25},"2":{"name":"(anonymous_2)","decl":{"start":{"line":26,"column":29},"end":{"line":26,"column":30}},"loc":{"start":{"line":26,"column":44},"end":{"line":28,"column":5}},"line":26},"3":{"name":"(anonymous_3)","decl":{"start":{"line":32,"column":2},"end":{"line":32,"column":3}},"loc":{"start":{"line":32,"column":11},"end":{"line":47,"column":3}},"line":32},"4":{"name":"(anonymous_4)","decl":{"start":{"line":50,"column":2},"end":{"line":50,"column":3}},"loc":{"start":{"line":50,"column":24},"end":{"line":80,"column":3}},"line":50},"5":{"name":"(anonymous_5)","decl":{"start":{"line":62,"column":25},"end":{"line":62,"column":26}},"loc":{"start":{"line":62,"column":42},"end":{"line":69,"column":7}},"line":62},"6":{"name":"(anonymous_6)","decl":{"start":{"line":86,"column":2},"end":{"line":86,"column":3}},"loc":{"start":{"line":86,"column":29},"end":{"line":96,"column":3}},"line":86}},"branchMap":{"0":{"loc":{"start":{"line":10,"column":14},"end":{"line":10,"column":44}},"type":"binary-expr","locations":[{"start":{"line":10,"column":14},"end":{"line":10,"column":21}},{"start":{"line":10,"column":25},"end":{"line":10,"column":44}}],"line":10},"1":{"loc":{"start":{"line":12,"column":17},"end":{"line":12,"column":33}},"type":"binary-expr","locations":[{"start":{"line":12,"column":17},"end":{"line":12,"column":27}},{"start":{"line":12,"column":31},"end":{"line":12,"column":33}}],"line":12},"2":{"loc":{"start":{"line":13,"column":23},"end":{"line":13,"column":64}},"type":"binary-expr","locations":[{"start":{"line":13,"column":23},"end":{"line":13,"column":39}},{"start":{"line":13,"column":43},"end":{"line":13,"column":64}}],"line":13},"3":{"loc":{"start":{"line":14,"column":20},"end":{"line":14,"column":42}},"type":"binary-expr","locations":[{"start":{"line":14,"column":20},"end":{"line":14,"column":33}},{"start":{"line":14,"column":37},"end":{"line":14,"column":42}}],"line":14},"4":{"loc":{"start":{"line":15,"column":18},"end":{"line":15,"column":42}},"type":"binary-expr","locations":[{"start":{"line":15,"column":18},"end":{"line":15,"column":29}},{"start":{"line":15,"column":33},"end":{"line":15,"column":42}}],"line":15},"5":{"loc":{"start":{"line":16,"column":27},"end":{"line":16,"column":53}},"type":"binary-expr","locations":[{"start":{"line":16,"column":27},"end":{"line":16,"column":47}},{"start":{"line":16,"column":51},"end":{"line":16,"column":53}}],"line":16},"6":{"loc":{"start":{"line":17,"column":25},"end":{"line":17,"column":53}},"type":"binary-expr","locations":[{"start":{"line":17,"column":25},"end":{"line":17,"column":43}},{"start":{"line":17,"column":47},"end":{"line":17,"column":53}}],"line":17},"7":{"loc":{"start":{"line":18,"column":25},"end":{"line":18,"column":56}},"type":"binary-expr","locations":[{"start":{"line":18,"column":25},"end":{"line":18,"column":43}},{"start":{"line":18,"column":47},"end":{"line":18,"column":56}}],"line":18},"8":{"loc":{"start":{"line":19,"column":17},"end":{"line":19,"column":33}},"type":"binary-expr","locations":[{"start":{"line":19,"column":17},"end":{"line":19,"column":27}},{"start":{"line":19,"column":31},"end":{"line":19,"column":33}}],"line":19},"9":{"loc":{"start":{"line":20,"column":21},"end":{"line":20,"column":63}},"type":"binary-expr","locations":[{"start":{"line":20,"column":21},"end":{"line":20,"column":35}},{"start":{"line":20,"column":39},"end":{"line":20,"column":63}}],"line":20},"10":{"loc":{"start":{"line":53,"column":4},"end":{"line":55,"column":5}},"type":"if","locations":[{"start":{"line":53,"column":4},"end":{"line":55,"column":5}},{"start":{},"end":{}}],"line":53},"11":{"loc":{"start":{"line":57,"column":4},"end":{"line":59,"column":5}},"type":"if","locations":[{"start":{"line":57,"column":4},"end":{"line":59,"column":5}},{"start":{},"end":{}}],"line":57},"12":{"loc":{"start":{"line":57,"column":8},"end":{"line":57,"column":76}},"type":"binary-expr","locations":[{"start":{"line":57,"column":8},"end":{"line":57,"column":19}},{"start":{"line":57,"column":23},"end":{"line":57,"column":49}},{"start":{"line":57,"column":53},"end":{"line":57,"column":76}}],"line":57},"13":{"loc":{"start":{"line":61,"column":4},"end":{"line":70,"column":5}},"type":"if","locations":[{"start":{"line":61,"column":4},"end":{"line":70,"column":5}},{"start":{},"end":{}}],"line":61},"14":{"loc":{"start":{"line":63,"column":8},"end":{"line":65,"column":9}},"type":"if","locations":[{"start":{"line":63,"column":8},"end":{"line":65,"column":9}},{"start":{},"end":{}}],"line":63},"15":{"loc":{"start":{"line":66,"column":8},"end":{"line":68,"column":9}},"type":"if","locations":[{"start":{"line":66,"column":8},"end":{"line":68,"column":9}},{"start":{},"end":{}}],"line":66},"16":{"loc":{"start":{"line":66,"column":12},"end":{"line":66,"column":47}},"type":"binary-expr","locations":[{"start":{"line":66,"column":12},"end":{"line":66,"column":26}},{"start":{"line":66,"column":30},"end":{"line":66,"column":47}}],"line":66},"17":{"loc":{"start":{"line":72,"column":4},"end":{"line":74,"column":5}},"type":"if","locations":[{"start":{"line":72,"column":4},"end":{"line":74,"column":5}},{"start":{},"end":{}}],"line":72},"18":{"loc":{"start":{"line":72,"column":8},"end":{"line":72,"column":62}},"type":"binary-expr","locations":[{"start":{"line":72,"column":8},"end":{"line":72,"column":29}},{"start":{"line":72,"column":33},"end":{"line":72,"column":62}}],"line":72},"19":{"loc":{"start":{"line":95,"column":11},"end":{"line":95,"column":65}},"type":"binary-expr","locations":[{"start":{"line":95,"column":11},"end":{"line":95,"column":56}},{"start":{"line":95,"column":60},"end":{"line":95,"column":65}}],"line":95}},"s":{"0":1,"1":3,"2":3,"3":3,"4":3,"5":3,"6":3,"7":3,"8":3,"9":3,"10":3,"11":3,"12":3,"13":0,"14":0,"15":3,"16":4,"17":4,"18":0,"19":4,"20":1,"21":4,"22":4,"23":3,"24":0,"25":3,"26":0,"27":4,"28":0,"29":4,"30":1,"31":0,"32":0,"33":1},"f":{"0":3,"1":0,"2":0,"3":3,"4":4,"5":3,"6":0},"b":{"0":[3,2],"1":[3,0],"2":[3,0],"3":[3,2],"4":[3,0],"5":[3,0],"6":[3,2],"7":[3,0],"8":[3,3],"9":[3,2],"10":[0,4],"11":[1,3],"12":[4,4,4],"13":[4,0],"14":[0,3],"15":[0,3],"16":[3,3],"17":[0,4],"18":[4,4],"19":[0,0]},"_coverageSchema":"1a1c01bbd47fc00a2c39e90264f33305004495a9","hash":"6a3b91b77d4108a80fa010be51aeb53d7043d386"}
,"D:\\online_shop\\backend\\src\\models\\Product.js": {"path":"D:\\online_shop\\backend\\src\\models\\Product.js","statementMap":{"0":{"start":{"line":6,"column":15},"end":{"line":6,"column":32}},"1":{"start":{"line":10,"column":4},"end":{"line":10,"column":45}},"2":{"start":{"line":11,"column":4},"end":{"line":11,"column":26}},"3":{"start":{"line":12,"column":4},"end":{"line":12,"column":28}},"4":{"start":{"line":13,"column":4},"end":{"line":13,"column":46}},"5":{"start":{"line":14,"column":4},"end":{"line":14,"column":28}},"6":{"start":{"line":15,"column":4},"end":{"line":15,"column":43}},"7":{"start":{"line":16,"column":4},"end":{"line":16,"column":34}},"8":{"start":{"line":17,"column":4},"end":{"line":17,"column":47}},"9":{"start":{"line":18,"column":4},"end":{"line":18,"column":33}},"10":{"start":{"line":19,"column":4},"end":{"line":19,"column":52}},"11":{"start":{"line":20,"column":4},"end":{"line":20,"column":43}},"12":{"start":{"line":21,"column":4},"end":{"line":21,"column":64}},"13":{"start":{"line":22,"column":4},"end":{"line":22,"column":46}},"14":{"start":{"line":27,"column":4},"end":{"line":41,"column":6}},"15":{"start":{"line":46,"column":19},"end":{"line":46,"column":21}},"16":{"start":{"line":48,"column":4},"end":{"line":50,"column":5}},"17":{"start":{"line":49,"column":6},"end":{"line":49,"column":64}},"18":{"start":{"line":52,"column":4},"end":{"line":54,"column":5}},"19":{"start":{"line":53,"column":6},"end":{"line":53,"column":44}},"20":{"start":{"line":56,"column":4},"end":{"line":58,"column":5}},"21":{"start":{"line":57,"column":6},"end":{"line":57,"column":45}},"22":{"start":{"line":60,"column":4},"end":{"line":62,"column":5}},"23":{"start":{"line":61,"column":6},"end":{"line":61,"column":46}},"24":{"start":{"line":64,"column":4},"end":{"line":67,"column":6}},"25":{"start":{"line":72,"column":4},"end":{"line":72,"column":26}},"26":{"start":{"line":77,"column":4},"end":{"line":81,"column":5}},"27":{"start":{"line":78,"column":6},"end":{"line":78,"column":29}},"28":{"start":{"line":79,"column":6},"end":{"line":79,"column":48}},"29":{"start":{"line":80,"column":6},"end":{"line":80,"column":18}},"30":{"start":{"line":82,"column":4},"end":{"line":82,"column":17}},"31":{"start":{"line":86,"column":0},"end":{"line":86,"column":25}}},"fnMap":{"0":{"name":"(anonymous_0)","decl":{"start":{"line":9,"column":2},"end":{"line":9,"column":3}},"loc":{"start":{"line":9,"column":20},"end":{"line":23,"column":3}},"line":9},"1":{"name":"(anonymous_1)","decl":{"start":{"line":26,"column":2},"end":{"line":26,"column":3}},"loc":{"start":{"line":26,"column":11},"end":{"line":42,"column":3}},"line":26},"2":{"name":"(anonymous_2)","decl":{"start":{"line":45,"column":2},"end":{"line":45,"column":3}},"loc":{"start":{"line":45,"column":24},"end":{"line":68,"column":3}},"line":45},"3":{"name":"(anonymous_3)","decl":{"start":{"line":71,"column":2},"end":{"line":71,"column":3}},"loc":{"start":{"line":71,"column":14},"end":{"line":73,"column":3}},"line":71},"4":{"name":"(anonymous_4)","decl":{"start":{"line":76,"column":2},"end":{"line":76,"column":3}},"loc":{"start":{"line":76,"column":30},"end":{"line":83,"column":3}},"line":76}},"branchMap":{"0":{"loc":{"start":{"line":10,"column":14},"end":{"line":10,"column":44}},"type":"binary-expr","locations":[{"start":{"line":10,"column":14},"end":{"line":10,"column":21}},{"start":{"line":10,"column":25},"end":{"line":10,"column":44}}],"line":10},"1":{"loc":{"start":{"line":13,"column":23},"end":{"line":13,"column":45}},"type":"binary-expr","locations":[{"start":{"line":13,"column":23},"end":{"line":13,"column":39}},{"start":{"line":13,"column":43},"end":{"line":13,"column":45}}],"line":13},"2":{"loc":{"start":{"line":15,"column":20},"end":{"line":15,"column":42}},"type":"binary-expr","locations":[{"start":{"line":15,"column":20},"end":{"line":15,"column":33}},{"start":{"line":15,"column":37},"end":{"line":15,"column":42}}],"line":15},"3":{"loc":{"start":{"line":16,"column":17},"end":{"line":16,"column":33}},"type":"binary-expr","locations":[{"start":{"line":16,"column":17},"end":{"line":16,"column":27}},{"start":{"line":16,"column":31},"end":{"line":16,"column":33}}],"line":16},"4":{"loc":{"start":{"line":17,"column":20},"end":{"line":17,"column":46}},"type":"binary-expr","locations":[{"start":{"line":17,"column":20},"end":{"line":17,"column":33}},{"start":{"line":17,"column":37},"end":{"line":17,"column":46}}],"line":17},"5":{"loc":{"start":{"line":18,"column":17},"end":{"line":18,"column":32}},"type":"binary-expr","locations":[{"start":{"line":18,"column":17},"end":{"line":18,"column":27}},{"start":{"line":18,"column":31},"end":{"line":18,"column":32}}],"line":18},"6":{"loc":{"start":{"line":19,"column":26},"end":{"line":19,"column":51}},"type":"binary-expr","locations":[{"start":{"line":19,"column":26},"end":{"line":19,"column":45}},{"start":{"line":19,"column":49},"end":{"line":19,"column":51}}],"line":19},"7":{"loc":{"start":{"line":20,"column":20},"end":{"line":20,"column":42}},"type":"binary-expr","locations":[{"start":{"line":20,"column":20},"end":{"line":20,"column":33}},{"start":{"line":20,"column":37},"end":{"line":20,"column":42}}],"line":20},"8":{"loc":{"start":{"line":21,"column":21},"end":{"line":21,"column":63}},"type":"binary-expr","locations":[{"start":{"line":21,"column":21},"end":{"line":21,"column":35}},{"start":{"line":21,"column":39},"end":{"line":21,"column":63}}],"line":21},"9":{"loc":{"start":{"line":48,"column":4},"end":{"line":50,"column":5}},"type":"if","locations":[{"start":{"line":48,"column":4},"end":{"line":50,"column":5}},{"start":{},"end":{}}],"line":48},"10":{"loc":{"start":{"line":48,"column":8},"end":{"line":48,"column":49}},"type":"binary-expr","locations":[{"start":{"line":48,"column":8},"end":{"line":48,"column":18}},{"start":{"line":48,"column":22},"end":{"line":48,"column":49}}],"line":48},"11":{"loc":{"start":{"line":52,"column":4},"end":{"line":54,"column":5}},"type":"if","locations":[{"start":{"line":52,"column":4},"end":{"line":54,"column":5}},{"start":{},"end":{}}],"line":52},"12":{"loc":{"start":{"line":52,"column":8},"end":{"line":52,"column":51}},"type":"binary-expr","locations":[{"start":{"line":52,"column":8},"end":{"line":52,"column":19}},{"start":{"line":52,"column":23},"end":{"line":52,"column":51}}],"line":52},"13":{"loc":{"start":{"line":56,"column":4},"end":{"line":58,"column":5}},"type":"if","locations":[{"start":{"line":56,"column":4},"end":{"line":58,"column":5}},{"start":{},"end":{}}],"line":56},"14":{"loc":{"start":{"line":56,"column":8},"end":{"line":56,"column":38}},"type":"binary-expr","locations":[{"start":{"line":56,"column":8},"end":{"line":56,"column":19}},{"start":{"line":56,"column":23},"end":{"line":56,"column":38}}],"line":56},"15":{"loc":{"start":{"line":60,"column":4},"end":{"line":62,"column":5}},"type":"if","locations":[{"start":{"line":60,"column":4},"end":{"line":62,"column":5}},{"start":{},"end":{}}],"line":60},"16":{"loc":{"start":{"line":60,"column":8},"end":{"line":60,"column":50}},"type":"binary-expr","locations":[{"start":{"line":60,"column":8},"end":{"line":60,"column":32}},{"start":{"line":60,"column":36},"end":{"line":60,"column":50}}],"line":60},"17":{"loc":{"start":{"line":76,"column":16},"end":{"line":76,"column":28}},"type":"default-arg","locations":[{"start":{"line":76,"column":27},"end":{"line":76,"column":28}}],"line":76},"18":{"loc":{"start":{"line":77,"column":4},"end":{"line":81,"column":5}},"type":"if","locations":[{"start":{"line":77,"column":4},"end":{"line":81,"column":5}},{"start":{},"end":{}}],"line":77}},"s":{"0":1,"1":242,"2":242,"3":242,"4":242,"5":242,"6":242,"7":242,"8":242,"9":242,"10":242,"11":242,"12":242,"13":242,"14":50,"15":2,"16":2,"17":0,"18":2,"19":1,"20":2,"21":1,"22":2,"23":0,"24":2,"25":0,"26":0,"27":0,"28":0,"29":0,"30":0,"31":1},"f":{"0":242,"1":50,"2":2,"3":0,"4":0},"b":{"0":[242,193],"1":[242,1],"2":[242,193],"3":[242,1],"4":[242,193],"5":[242,0],"6":[242,1],"7":[242,89],"8":[242,193],"9":[0,2],"10":[2,2],"11":[1,1],"12":[2,1],"13":[1,1],"14":[2,1],"15":[0,2],"16":[2,1],"17":[0],"18":[0,0]},"_coverageSchema":"1a1c01bbd47fc00a2c39e90264f33305004495a9","hash":"8518998b77fa2d2165fa4151e783833c6106a7a7"}
,"D:\\online_shop\\backend\\src\\models\\User.js": {"path":"D:\\online_shop\\backend\\src\\models\\User.js","statementMap":{"0":{"start":{"line":6,"column":15},"end":{"line":6,"column":32}},"1":{"start":{"line":10,"column":4},"end":{"line":10,"column":45}},"2":{"start":{"line":11,"column":4},"end":{"line":11,"column":28}},"3":{"start":{"line":12,"column":4},"end":{"line":12,"column":34}},"4":{"start":{"line":13,"column":4},"end":{"line":13,"column":26}},"5":{"start":{"line":14,"column":4},"end":{"line":14,"column":40}},"6":{"start":{"line":15,"column":4},"end":{"line":15,"column":64}},"7":{"start":{"line":16,"column":4},"end":{"line":16,"column":46}},"8":{"start":{"line":21,"column":4},"end":{"line":28,"column":6}},"9":{"start":{"line":33,"column":19},"end":{"line":33,"column":21}},"10":{"start":{"line":35,"column":4},"end":{"line":37,"column":5}},"11":{"start":{"line":36,"column":6},"end":{"line":36,"column":45}},"12":{"start":{"line":39,"column":4},"end":{"line":41,"column":5}},"13":{"start":{"line":40,"column":6},"end":{"line":40,"column":60}},"14":{"start":{"line":43,"column":4},"end":{"line":45,"column":5}},"15":{"start":{"line":44,"column":6},"end":{"line":44,"column":56}},"16":{"start":{"line":47,"column":4},"end":{"line":50,"column":6}},"17":{"start":{"line":54,"column":0},"end":{"line":54,"column":22}}},"fnMap":{"0":{"name":"(anonymous_0)","decl":{"start":{"line":9,"column":2},"end":{"line":9,"column":3}},"loc":{"start":{"line":9,"column":20},"end":{"line":17,"column":3}},"line":9},"1":{"name":"(anonymous_1)","decl":{"start":{"line":20,"column":2},"end":{"line":20,"column":3}},"loc":{"start":{"line":20,"column":11},"end":{"line":29,"column":3}},"line":20},"2":{"name":"(anonymous_2)","decl":{"start":{"line":32,"column":2},"end":{"line":32,"column":3}},"loc":{"start":{"line":32,"column":24},"end":{"line":51,"column":3}},"line":32}},"branchMap":{"0":{"loc":{"start":{"line":10,"column":14},"end":{"line":10,"column":44}},"type":"binary-expr","locations":[{"start":{"line":10,"column":14},"end":{"line":10,"column":21}},{"start":{"line":10,"column":25},"end":{"line":10,"column":44}}],"line":10},"1":{"loc":{"start":{"line":14,"column":16},"end":{"line":14,"column":39}},"type":"binary-expr","locations":[{"start":{"line":14,"column":16},"end":{"line":14,"column":25}},{"start":{"line":14,"column":29},"end":{"line":14,"column":39}}],"line":14},"2":{"loc":{"start":{"line":15,"column":21},"end":{"line":15,"column":63}},"type":"binary-expr","locations":[{"start":{"line":15,"column":21},"end":{"line":15,"column":35}},{"start":{"line":15,"column":39},"end":{"line":15,"column":63}}],"line":15},"3":{"loc":{"start":{"line":35,"column":4},"end":{"line":37,"column":5}},"type":"if","locations":[{"start":{"line":35,"column":4},"end":{"line":37,"column":5}},{"start":{},"end":{}}],"line":35},"4":{"loc":{"start":{"line":35,"column":8},"end":{"line":35,"column":48}},"type":"binary-expr","locations":[{"start":{"line":35,"column":8},"end":{"line":35,"column":19}},{"start":{"line":35,"column":23},"end":{"line":35,"column":48}}],"line":35},"5":{"loc":{"start":{"line":39,"column":4},"end":{"line":41,"column":5}},"type":"if","locations":[{"start":{"line":39,"column":4},"end":{"line":41,"column":5}},{"start":{},"end":{}}],"line":39},"6":{"loc":{"start":{"line":39,"column":8},"end":{"line":39,"column":50}},"type":"binary-expr","locations":[{"start":{"line":39,"column":8},"end":{"line":39,"column":22}},{"start":{"line":39,"column":26},"end":{"line":39,"column":50}}],"line":39},"7":{"loc":{"start":{"line":43,"column":4},"end":{"line":45,"column":5}},"type":"if","locations":[{"start":{"line":43,"column":4},"end":{"line":45,"column":5}},{"start":{},"end":{}}],"line":43},"8":{"loc":{"start":{"line":43,"column":8},"end":{"line":43,"column":49}},"type":"binary-expr","locations":[{"start":{"line":43,"column":8},"end":{"line":43,"column":18}},{"start":{"line":43,"column":22},"end":{"line":43,"column":49}}],"line":43}},"s":{"0":1,"1":9,"2":9,"3":9,"4":9,"5":9,"6":9,"7":9,"8":10,"9":12,"10":12,"11":1,"12":12,"13":1,"14":12,"15":0,"16":12,"17":1},"f":{"0":9,"1":10,"2":12},"b":{"0":[9,9],"1":[9,9],"2":[9,9],"3":[1,11],"4":[12,12],"5":[1,11],"6":[12,12],"7":[0,12],"8":[12,12]},"_coverageSchema":"1a1c01bbd47fc00a2c39e90264f33305004495a9","hash":"2f3178c8d958397922ecacd53f5f94293724179e"}
,"D:\\online_shop\\backend\\src\\patterns\\singleton.js": {"path":"D:\\online_shop\\backend\\src\\patterns\\singleton.js","statementMap":{"0":{"start":{"line":17,"column":4},"end":{"line":19,"column":5}},"1":{"start":{"line":18,"column":6},"end":{"line":18,"column":31}},"2":{"start":{"line":22,"column":4},"end":{"line":22,"column":20}},"3":{"start":{"line":23,"column":4},"end":{"line":23,"column":23}},"4":{"start":{"line":24,"column":4},"end":{"line":24,"column":21}},"5":{"start":{"line":25,"column":4},"end":{"line":25,"column":37}},"6":{"start":{"line":28,"column":4},"end":{"line":28,"column":29}},"7":{"start":{"line":30,"column":4},"end":{"line":30,"column":83}},"8":{"start":{"line":35,"column":4},"end":{"line":43,"column":6}},"9":{"start":{"line":48,"column":4},"end":{"line":48,"column":22}},"10":{"start":{"line":52,"column":4},"end":{"line":52,"column":26}},"11":{"start":{"line":53,"column":4},"end":{"line":53,"column":16}},"12":{"start":{"line":57,"column":4},"end":{"line":57,"column":51}},"13":{"start":{"line":57,"column":32},"end":{"line":57,"column":49}},"14":{"start":{"line":61,"column":4},"end":{"line":61,"column":45}},"15":{"start":{"line":61,"column":32},"end":{"line":61,"column":43}},"16":{"start":{"line":66,"column":4},"end":{"line":66,"column":25}},"17":{"start":{"line":70,"column":4},"end":{"line":70,"column":32}},"18":{"start":{"line":71,"column":4},"end":{"line":71,"column":19}},"19":{"start":{"line":75,"column":4},"end":{"line":75,"column":48}},"20":{"start":{"line":75,"column":35},"end":{"line":75,"column":46}},"21":{"start":{"line":79,"column":18},"end":{"line":79,"column":59}},"22":{"start":{"line":79,"column":47},"end":{"line":79,"column":58}},"23":{"start":{"line":80,"column":4},"end":{"line":83,"column":5}},"24":{"start":{"line":81,"column":6},"end":{"line":81,"column":69}},"25":{"start":{"line":82,"column":6},"end":{"line":82,"column":34}},"26":{"start":{"line":84,"column":4},"end":{"line":84,"column":16}},"27":{"start":{"line":88,"column":18},"end":{"line":88,"column":59}},"28":{"start":{"line":88,"column":47},"end":{"line":88,"column":58}},"29":{"start":{"line":89,"column":4},"end":{"line":91,"column":5}},"30":{"start":{"line":90,"column":6},"end":{"line":90,"column":47}},"31":{"start":{"line":92,"column":4},"end":{"line":92,"column":16}},"32":{"start":{"line":97,"column":4},"end":{"line":97,"column":23}},"33":{"start":{"line":101,"column":4},"end":{"line":101,"column":28}},"34":{"start":{"line":102,"column":4},"end":{"line":102,"column":17}},"35":{"start":{"line":106,"column":4},"end":{"line":106,"column":46}},"36":{"start":{"line":106,"column":33},"end":{"line":106,"column":44}},"37":{"start":{"line":110,"column":4},"end":{"line":110,"column":56}},"38":{"start":{"line":110,"column":35},"end":{"line":110,"column":54}},"39":{"start":{"line":114,"column":18},"end":{"line":114,"column":40}},"40":{"start":{"line":115,"column":4},"end":{"line":119,"column":5}},"41":{"start":{"line":116,"column":6},"end":{"line":116,"column":28}},"42":{"start":{"line":117,"column":6},"end":{"line":117,"column":49}},"43":{"start":{"line":118,"column":6},"end":{"line":118,"column":19}},"44":{"start":{"line":120,"column":4},"end":{"line":120,"column":16}},"45":{"start":{"line":125,"column":4},"end":{"line":125,"column":26}},"46":{"start":{"line":126,"column":4},"end":{"line":126,"column":29}},"47":{"start":{"line":127,"column":4},"end":{"line":127,"column":27}},"48":{"start":{"line":128,"column":4},"end":{"line":128,"column":37}},"49":{"start":{"line":133,"column":17},"end":{"line":133,"column":31}},"50":{"start":{"line":135,"column":0},"end":{"line":135,"column":26}}},"fnMap":{"0":{"name":"(anonymous_0)","decl":{"start":{"line":16,"column":2},"end":{"line":16,"column":3}},"loc":{"start":{"line":16,"column":16},"end":{"line":31,"column":3}},"line":16},"1":{"name":"(anonymous_1)","decl":{"start":{"line":34,"column":2},"end":{"line":34,"column":3}},"loc":{"start":{"line":34,"column":22},"end":{"line":44,"column":3}},"line":34},"2":{"name":"(anonymous_2)","decl":{"start":{"line":47,"column":2},"end":{"line":47,"column":3}},"loc":{"start":{"line":47,"column":13},"end":{"line":49,"column":3}},"line":47},"3":{"name":"(anonymous_3)","decl":{"start":{"line":51,"column":2},"end":{"line":51,"column":3}},"loc":{"start":{"line":51,"column":16},"end":{"line":54,"column":3}},"line":51},"4":{"name":"(anonymous_4)","decl":{"start":{"line":56,"column":2},"end":{"line":56,"column":3}},"loc":{"start":{"line":56,"column":25},"end":{"line":58,"column":3}},"line":56},"5":{"name":"(anonymous_5)","decl":{"start":{"line":57,"column":27},"end":{"line":57,"column":28}},"loc":{"start":{"line":57,"column":32},"end":{"line":57,"column":49}},"line":57},"6":{"name":"(anonymous_6)","decl":{"start":{"line":60,"column":2},"end":{"line":60,"column":3}},"loc":{"start":{"line":60,"column":19},"end":{"line":62,"column":3}},"line":60},"7":{"name":"(anonymous_7)","decl":{"start":{"line":61,"column":27},"end":{"line":61,"column":28}},"loc":{"start":{"line":61,"column":32},"end":{"line":61,"column":43}},"line":61},"8":{"name":"(anonymous_8)","decl":{"start":{"line":65,"column":2},"end":{"line":65,"column":3}},"loc":{"start":{"line":65,"column":16},"end":{"line":67,"column":3}},"line":65},"9":{"name":"(anonymous_9)","decl":{"start":{"line":69,"column":2},"end":{"line":69,"column":3}},"loc":{"start":{"line":69,"column":22},"end":{"line":72,"column":3}},"line":69},"10":{"name":"(anonymous_10)","decl":{"start":{"line":74,"column":2},"end":{"line":74,"column":3}},"loc":{"start":{"line":74,"column":22},"end":{"line":76,"column":3}},"line":74},"11":{"name":"(anonymous_11)","decl":{"start":{"line":75,"column":30},"end":{"line":75,"column":31}},"loc":{"start":{"line":75,"column":35},"end":{"line":75,"column":46}},"line":75},"12":{"name":"(anonymous_12)","decl":{"start":{"line":78,"column":2},"end":{"line":78,"column":3}},"loc":{"start":{"line":78,"column":29},"end":{"line":85,"column":3}},"line":78},"13":{"name":"(anonymous_13)","decl":{"start":{"line":79,"column":42},"end":{"line":79,"column":43}},"loc":{"start":{"line":79,"column":47},"end":{"line":79,"column":58}},"line":79},"14":{"name":"(anonymous_14)","decl":{"start":{"line":87,"column":2},"end":{"line":87,"column":3}},"loc":{"start":{"line":87,"column":20},"end":{"line":93,"column":3}},"line":87},"15":{"name":"(anonymous_15)","decl":{"start":{"line":88,"column":42},"end":{"line":88,"column":43}},"loc":{"start":{"line":88,"column":47},"end":{"line":88,"column":58}},"line":88},"16":{"name":"(anonymous_16)","decl":{"start":{"line":96,"column":2},"end":{"line":96,"column":3}},"loc":{"start":{"line":96,"column":14},"end":{"line":98,"column":3}},"line":96},"17":{"name":"(anonymous_17)","decl":{"start":{"line":100,"column":2},"end":{"line":100,"column":3}},"loc":{"start":{"line":100,"column":18},"end":{"line":103,"column":3}},"line":100},"18":{"name":"(anonymous_18)","decl":{"start":{"line":105,"column":2},"end":{"line":105,"column":3}},"loc":{"start":{"line":105,"column":20},"end":{"line":107,"column":3}},"line":105},"19":{"name":"(anonymous_19)","decl":{"start":{"line":106,"column":28},"end":{"line":106,"column":29}},"loc":{"start":{"line":106,"column":33},"end":{"line":106,"column":44}},"line":106},"20":{"name":"(anonymous_20)","decl":{"start":{"line":109,"column":2},"end":{"line":109,"column":3}},"loc":{"start":{"line":109,"column":29},"end":{"line":111,"column":3}},"line":109},"21":{"name":"(anonymous_21)","decl":{"start":{"line":110,"column":30},"end":{"line":110,"column":31}},"loc":{"start":{"line":110,"column":35},"end":{"line":110,"column":54}},"line":110},"22":{"name":"(anonymous_22)","decl":{"start":{"line":113,"column":2},"end":{"line":113,"column":3}},"loc":{"start":{"line":113,"column":32},"end":{"line":121,"column":3}},"line":113},"23":{"name":"(anonymous_23)","decl":{"start":{"line":124,"column":2},"end":{"line":124,"column":3}},"loc":{"start":{"line":124,"column":10},"end":{"line":129,"column":3}},"line":124}},"branchMap":{"0":{"loc":{"start":{"line":17,"column":4},"end":{"line":19,"column":5}},"type":"if","locations":[{"start":{"line":17,"column":4},"end":{"line":19,"column":5}},{"start":{},"end":{}}],"line":17},"1":{"loc":{"start":{"line":80,"column":4},"end":{"line":83,"column":5}},"type":"if","locations":[{"start":{"line":80,"column":4},"end":{"line":83,"column":5}},{"start":{},"end":{}}],"line":80},"2":{"loc":{"start":{"line":89,"column":4},"end":{"line":91,"column":5}},"type":"if","locations":[{"start":{"line":89,"column":4},"end":{"line":91,"column":5}},{"start":{},"end":{}}],"line":89},"3":{"loc":{"start":{"line":115,"column":4},"end":{"line":119,"column":5}},"type":"if","locations":[{"start":{"line":115,"column":4},"end":{"line":119,"column":5}},{"start":{},"end":{}}],"line":115}},"s":{"0":1,"1":0,"2":1,"3":1,"4":1,"5":1,"6":1,"7":1,"8":1,"9":1,"10":10,"11":10,"12":13,"13":4,"14":3,"15":3,"16":33,"17":193,"18":193,"19":2,"20":2,"21":2,"22":2,"23":2,"24":2,"25":2,"26":0,"27":0,"28":0,"29":0,"30":0,"31":0,"32":0,"33":2,"34":2,"35":0,"36":0,"37":1,"38":1,"39":0,"40":0,"41":0,"42":0,"43":0,"44":0,"45":23,"46":23,"47":23,"48":23,"49":1,"50":1},"f":{"0":1,"1":1,"2":1,"3":10,"4":13,"5":4,"6":3,"7":3,"8":33,"9":193,"10":2,"11":2,"12":2,"13":2,"14":0,"15":0,"16":0,"17":2,"18":0,"19":0,"20":1,"21":1,"22":0,"23":23},"b":{"0":[0,1],"1":[2,0],"2":[0,0],"3":[0,0]},"_coverageSchema":"1a1c01bbd47fc00a2c39e90264f33305004495a9","hash":"03490917ffd17f76ebf1ab5b13ec7c856bd28411"}
,"D:\\online_shop\\backend\\src\\routes\\orderRoutes.js": {"path":"D:\\online_shop\\backend\\src\\routes\\orderRoutes.js","statementMap":{"0":{"start":{"line":7,"column":16},"end":{"line":7,"column":34}},"1":{"start":{"line":8,"column":15},"end":{"line":8,"column":31}},"2":{"start":{"line":9,"column":24},"end":{"line":9,"column":65}},"3":{"start":{"line":17,"column":0},"end":{"line":17,"column":70}},"4":{"start":{"line":17,"column":30},"end":{"line":17,"column":68}},"5":{"start":{"line":24,"column":0},"end":{"line":24,"column":81}},"6":{"start":{"line":24,"column":40},"end":{"line":24,"column":79}},"7":{"start":{"line":31,"column":0},"end":{"line":31,"column":87}},"8":{"start":{"line":31,"column":42},"end":{"line":31,"column":85}},"9":{"start":{"line":38,"column":0},"end":{"line":38,"column":73}},"10":{"start":{"line":38,"column":33},"end":{"line":38,"column":71}},"11":{"start":{"line":45,"column":0},"end":{"line":45,"column":70}},"12":{"start":{"line":45,"column":31},"end":{"line":45,"column":68}},"13":{"start":{"line":52,"column":0},"end":{"line":52,"column":85}},"14":{"start":{"line":52,"column":40},"end":{"line":52,"column":83}},"15":{"start":{"line":59,"column":0},"end":{"line":59,"column":88}},"16":{"start":{"line":59,"column":41},"end":{"line":59,"column":86}},"17":{"start":{"line":66,"column":0},"end":{"line":66,"column":80}},"18":{"start":{"line":66,"column":41},"end":{"line":66,"column":78}},"19":{"start":{"line":68,"column":0},"end":{"line":68,"column":24}}},"fnMap":{"0":{"name":"(anonymous_0)","decl":{"start":{"line":17,"column":16},"end":{"line":17,"column":17}},"loc":{"start":{"line":17,"column":30},"end":{"line":17,"column":68}},"line":17},"1":{"name":"(anonymous_1)","decl":{"start":{"line":24,"column":26},"end":{"line":24,"column":27}},"loc":{"start":{"line":24,"column":40},"end":{"line":24,"column":79}},"line":24},"2":{"name":"(anonymous_2)","decl":{"start":{"line":31,"column":28},"end":{"line":31,"column":29}},"loc":{"start":{"line":31,"column":42},"end":{"line":31,"column":85}},"line":31},"3":{"name":"(anonymous_3)","decl":{"start":{"line":38,"column":19},"end":{"line":38,"column":20}},"loc":{"start":{"line":38,"column":33},"end":{"line":38,"column":71}},"line":38},"4":{"name":"(anonymous_4)","decl":{"start":{"line":45,"column":17},"end":{"line":45,"column":18}},"loc":{"start":{"line":45,"column":31},"end":{"line":45,"column":68}},"line":45},"5":{"name":"(anonymous_5)","decl":{"start":{"line":52,"column":26},"end":{"line":52,"column":27}},"loc":{"start":{"line":52,"column":40},"end":{"line":52,"column":83}},"line":52},"6":{"name":"(anonymous_6)","decl":{"start":{"line":59,"column":27},"end":{"line":59,"column":28}},"loc":{"start":{"line":59,"column":41},"end":{"line":59,"column":86}},"line":59},"7":{"name":"(anonymous_7)","decl":{"start":{"line":66,"column":27},"end":{"line":66,"column":28}},"loc":{"start":{"line":66,"column":41},"end":{"line":66,"column":78}},"line":66}},"branchMap":{},"s":{"0":1,"1":1,"2":1,"3":1,"4":0,"5":1,"6":0,"7":1,"8":1,"9":1,"10":0,"11":1,"12":4,"13":1,"14":0,"15":1,"16":0,"17":1,"18":0,"19":1},"f":{"0":0,"1":0,"2":1,"3":0,"4":4,"5":0,"6":0,"7":0},"b":{},"_coverageSchema":"1a1c01bbd47fc00a2c39e90264f33305004495a9","hash":"53675950dd69980a1c52a51c114d99fc69b2383d"}
,"D:\\online_shop\\backend\\src\\routes\\productRoutes.js": {"path":"D:\\online_shop\\backend\\src\\routes\\productRoutes.js","statementMap":{"0":{"start":{"line":7,"column":16},"end":{"line":7,"column":34}},"1":{"start":{"line":8,"column":15},"end":{"line":8,"column":31}},"2":{"start":{"line":9,"column":26},"end":{"line":9,"column":69}},"3":{"start":{"line":17,"column":0},"end":{"line":17,"column":74}},"4":{"start":{"line":17,"column":30},"end":{"line":17,"column":72}},"5":{"start":{"line":24,"column":0},"end":{"line":24,"column":87}},"6":{"start":{"line":24,"column":38},"end":{"line":24,"column":85}},"7":{"start":{"line":32,"column":0},"end":{"line":32,"column":80}},"8":{"start":{"line":32,"column":36},"end":{"line":32,"column":78}},"9":{"start":{"line":39,"column":0},"end":{"line":39,"column":77}},"10":{"start":{"line":39,"column":33},"end":{"line":39,"column":75}},"11":{"start":{"line":46,"column":0},"end":{"line":46,"column":74}},"12":{"start":{"line":46,"column":31},"end":{"line":46,"column":72}},"13":{"start":{"line":53,"column":0},"end":{"line":53,"column":76}},"14":{"start":{"line":53,"column":33},"end":{"line":53,"column":74}},"15":{"start":{"line":60,"column":0},"end":{"line":60,"column":79}},"16":{"start":{"line":60,"column":36},"end":{"line":60,"column":77}},"17":{"start":{"line":62,"column":0},"end":{"line":62,"column":24}}},"fnMap":{"0":{"name":"(anonymous_0)","decl":{"start":{"line":17,"column":16},"end":{"line":17,"column":17}},"loc":{"start":{"line":17,"column":30},"end":{"line":17,"column":72}},"line":17},"1":{"name":"(anonymous_1)","decl":{"start":{"line":24,"column":24},"end":{"line":24,"column":25}},"loc":{"start":{"line":24,"column":38},"end":{"line":24,"column":85}},"line":24},"2":{"name":"(anonymous_2)","decl":{"start":{"line":32,"column":22},"end":{"line":32,"column":23}},"loc":{"start":{"line":32,"column":36},"end":{"line":32,"column":78}},"line":32},"3":{"name":"(anonymous_3)","decl":{"start":{"line":39,"column":19},"end":{"line":39,"column":20}},"loc":{"start":{"line":39,"column":33},"end":{"line":39,"column":75}},"line":39},"4":{"name":"(anonymous_4)","decl":{"start":{"line":46,"column":17},"end":{"line":46,"column":18}},"loc":{"start":{"line":46,"column":31},"end":{"line":46,"column":72}},"line":46},"5":{"name":"(anonymous_5)","decl":{"start":{"line":53,"column":19},"end":{"line":53,"column":20}},"loc":{"start":{"line":53,"column":33},"end":{"line":53,"column":74}},"line":53},"6":{"name":"(anonymous_6)","decl":{"start":{"line":60,"column":22},"end":{"line":60,"column":23}},"loc":{"start":{"line":60,"column":36},"end":{"line":60,"column":77}},"line":60}},"branchMap":{},"s":{"0":1,"1":1,"2":1,"3":1,"4":7,"5":1,"6":1,"7":1,"8":1,"9":1,"10":0,"11":1,"12":2,"13":1,"14":0,"15":1,"16":0,"17":1},"f":{"0":7,"1":1,"2":1,"3":0,"4":2,"5":0,"6":0},"b":{},"_coverageSchema":"1a1c01bbd47fc00a2c39e90264f33305004495a9","hash":"419b6c81a76a7bbe6cb2f3e02f652494e8c66f07"}
,"D:\\online_shop\\backend\\src\\routes\\userRoutes.js": {"path":"D:\\online_shop\\backend\\src\\routes\\userRoutes.js","statementMap":{"0":{"start":{"line":7,"column":16},"end":{"line":7,"column":34}},"1":{"start":{"line":8,"column":15},"end":{"line":8,"column":31}},"2":{"start":{"line":9,"column":23},"end":{"line":9,"column":63}},"3":{"start":{"line":16,"column":0},"end":{"line":16,"column":74}},"4":{"start":{"line":16,"column":39},"end":{"line":16,"column":72}},"5":{"start":{"line":23,"column":0},"end":{"line":23,"column":68}},"6":{"start":{"line":23,"column":36},"end":{"line":23,"column":66}},"7":{"start":{"line":30,"column":0},"end":{"line":30,"column":68}},"8":{"start":{"line":30,"column":30},"end":{"line":30,"column":66}},"9":{"start":{"line":37,"column":0},"end":{"line":37,"column":78}},"10":{"start":{"line":37,"column":41},"end":{"line":37,"column":76}},"11":{"start":{"line":44,"column":0},"end":{"line":44,"column":81}},"12":{"start":{"line":44,"column":41},"end":{"line":44,"column":79}},"13":{"start":{"line":46,"column":0},"end":{"line":46,"column":24}}},"fnMap":{"0":{"name":"(anonymous_0)","decl":{"start":{"line":16,"column":25},"end":{"line":16,"column":26}},"loc":{"start":{"line":16,"column":39},"end":{"line":16,"column":72}},"line":16},"1":{"name":"(anonymous_1)","decl":{"start":{"line":23,"column":22},"end":{"line":23,"column":23}},"loc":{"start":{"line":23,"column":36},"end":{"line":23,"column":66}},"line":23},"2":{"name":"(anonymous_2)","decl":{"start":{"line":30,"column":16},"end":{"line":30,"column":17}},"loc":{"start":{"line":30,"column":30},"end":{"line":30,"column":66}},"line":30},"3":{"name":"(anonymous_3)","decl":{"start":{"line":37,"column":27},"end":{"line":37,"column":28}},"loc":{"start":{"line":37,"column":41},"end":{"line":37,"column":76}},"line":37},"4":{"name":"(anonymous_4)","decl":{"start":{"line":44,"column":27},"end":{"line":44,"column":28}},"loc":{"start":{"line":44,"column":41},"end":{"line":44,"column":79}},"line":44}},"branchMap":{},"s":{"0":1,"1":1,"2":1,"3":1,"4":12,"5":1,"6":3,"7":1,"8":0,"9":1,"10":0,"11":1,"12":0,"13":1},"f":{"0":12,"1":3,"2":0,"3":0,"4":0},"b":{},"_coverageSchema":"1a1c01bbd47fc00a2c39e90264f33305004495a9","hash":"e9f24c23dbb582dcda2c627c90b793c48f61b86a"}
,"D:\\online_shop\\backend\\src\\services\\orderService.js": {"path":"D:\\online_shop\\backend\\src\\services\\orderService.js","statementMap":{"0":{"start":{"line":8,"column":17},"end":{"line":8,"column":49}},"1":{"start":{"line":9,"column":14},"end":{"line":9,"column":40}},"2":{"start":{"line":19,"column":23},"end":{"line":19,"column":48}},"3":{"start":{"line":20,"column":4},"end":{"line":26,"column":5}},"4":{"start":{"line":21,"column":6},"end":{"line":25,"column":8}},"5":{"start":{"line":29,"column":17},"end":{"line":29,"column":56}},"6":{"start":{"line":30,"column":4},"end":{"line":35,"column":5}},"7":{"start":{"line":31,"column":6},"end":{"line":34,"column":8}},"8":{"start":{"line":38,"column":22},"end":{"line":38,"column":23}},"9":{"start":{"line":39,"column":27},"end":{"line":39,"column":29}},"10":{"start":{"line":41,"column":4},"end":{"line":72,"column":5}},"11":{"start":{"line":42,"column":22},"end":{"line":42,"column":62}},"12":{"start":{"line":44,"column":6},"end":{"line":49,"column":7}},"13":{"start":{"line":45,"column":8},"end":{"line":48,"column":10}},"14":{"start":{"line":51,"column":6},"end":{"line":56,"column":7}},"15":{"start":{"line":52,"column":8},"end":{"line":55,"column":10}},"16":{"start":{"line":59,"column":6},"end":{"line":65,"column":9}},"17":{"start":{"line":67,"column":6},"end":{"line":67,"column":51}},"18":{"start":{"line":70,"column":6},"end":{"line":70,"column":37}},"19":{"start":{"line":71,"column":6},"end":{"line":71,"column":67}},"20":{"start":{"line":75,"column":18},"end":{"line":81,"column":6}},"21":{"start":{"line":83,"column":4},"end":{"line":83,"column":29}},"22":{"start":{"line":85,"column":4},"end":{"line":89,"column":6}},"23":{"start":{"line":98,"column":4},"end":{"line":103,"column":5}},"24":{"start":{"line":99,"column":6},"end":{"line":102,"column":8}},"25":{"start":{"line":105,"column":18},"end":{"line":105,"column":49}},"26":{"start":{"line":107,"column":4},"end":{"line":112,"column":5}},"27":{"start":{"line":108,"column":6},"end":{"line":111,"column":8}},"28":{"start":{"line":114,"column":4},"end":{"line":117,"column":6}},"29":{"start":{"line":126,"column":4},"end":{"line":131,"column":5}},"30":{"start":{"line":127,"column":6},"end":{"line":130,"column":8}},"31":{"start":{"line":133,"column":19},"end":{"line":133,"column":54}},"32":{"start":{"line":135,"column":4},"end":{"line":139,"column":6}},"33":{"start":{"line":137,"column":28},"end":{"line":137,"column":49}},"34":{"start":{"line":148,"column":17},"end":{"line":148,"column":37}},"35":{"start":{"line":151,"column":4},"end":{"line":153,"column":5}},"36":{"start":{"line":152,"column":6},"end":{"line":152,"column":63}},"37":{"start":{"line":152,"column":34},"end":{"line":152,"column":61}},"38":{"start":{"line":155,"column":4},"end":{"line":157,"column":5}},"39":{"start":{"line":156,"column":6},"end":{"line":156,"column":77}},"40":{"start":{"line":156,"column":34},"end":{"line":156,"column":75}},"41":{"start":{"line":160,"column":4},"end":{"line":160,"column":73}},"42":{"start":{"line":160,"column":26},"end":{"line":160,"column":71}},"43":{"start":{"line":162,"column":4},"end":{"line":166,"column":6}},"44":{"start":{"line":164,"column":28},"end":{"line":164,"column":49}},"45":{"start":{"line":176,"column":18},"end":{"line":176,"column":49}},"46":{"start":{"line":178,"column":4},"end":{"line":183,"column":5}},"47":{"start":{"line":179,"column":6},"end":{"line":182,"column":8}},"48":{"start":{"line":186,"column":4},"end":{"line":191,"column":5}},"49":{"start":{"line":187,"column":6},"end":{"line":190,"column":8}},"50":{"start":{"line":194,"column":26},"end":{"line":194,"column":42}},"51":{"start":{"line":195,"column":4},"end":{"line":200,"column":5}},"52":{"start":{"line":196,"column":6},"end":{"line":199,"column":8}},"53":{"start":{"line":203,"column":25},"end":{"line":203,"column":68}},"54":{"start":{"line":205,"column":4},"end":{"line":209,"column":6}},"55":{"start":{"line":219,"column":18},"end":{"line":219,"column":49}},"56":{"start":{"line":221,"column":4},"end":{"line":226,"column":5}},"57":{"start":{"line":222,"column":6},"end":{"line":225,"column":8}},"58":{"start":{"line":228,"column":33},"end":{"line":228,"column":74}},"59":{"start":{"line":229,"column":4},"end":{"line":234,"column":5}},"60":{"start":{"line":230,"column":6},"end":{"line":233,"column":8}},"61":{"start":{"line":236,"column":4},"end":{"line":236,"column":40}},"62":{"start":{"line":237,"column":4},"end":{"line":237,"column":47}},"63":{"start":{"line":240,"column":4},"end":{"line":242,"column":5}},"64":{"start":{"line":241,"column":6},"end":{"line":241,"column":33}},"65":{"start":{"line":244,"column":4},"end":{"line":248,"column":6}},"66":{"start":{"line":258,"column":18},"end":{"line":258,"column":49}},"67":{"start":{"line":260,"column":4},"end":{"line":265,"column":5}},"68":{"start":{"line":261,"column":6},"end":{"line":264,"column":8}},"69":{"start":{"line":268,"column":4},"end":{"line":273,"column":5}},"70":{"start":{"line":269,"column":6},"end":{"line":272,"column":8}},"71":{"start":{"line":276,"column":4},"end":{"line":281,"column":5}},"72":{"start":{"line":277,"column":6},"end":{"line":280,"column":8}},"73":{"start":{"line":284,"column":4},"end":{"line":290,"column":5}},"74":{"start":{"line":285,"column":22},"end":{"line":285,"column":62}},"75":{"start":{"line":286,"column":6},"end":{"line":289,"column":7}},"76":{"start":{"line":287,"column":8},"end":{"line":287,"column":39}},"77":{"start":{"line":288,"column":8},"end":{"line":288,"column":69}},"78":{"start":{"line":293,"column":4},"end":{"line":293,"column":31}},"79":{"start":{"line":294,"column":4},"end":{"line":294,"column":47}},"80":{"start":{"line":296,"column":4},"end":{"line":300,"column":6}},"81":{"start":{"line":308,"column":19},"end":{"line":308,"column":39}},"82":{"start":{"line":310,"column":18},"end":{"line":317,"column":5}},"83":{"start":{"line":313,"column":21},"end":{"line":313,"column":47}},"84":{"start":{"line":314,"column":28},"end":{"line":314,"column":47}},"85":{"start":{"line":320,"column":4},"end":{"line":322,"column":7}},"86":{"start":{"line":321,"column":6},"end":{"line":321,"column":84}},"87":{"start":{"line":321,"column":56},"end":{"line":321,"column":75}},"88":{"start":{"line":325,"column":4},"end":{"line":327,"column":7}},"89":{"start":{"line":326,"column":6},"end":{"line":326,"column":98}},"90":{"start":{"line":326,"column":63},"end":{"line":326,"column":89}},"91":{"start":{"line":329,"column":4},"end":{"line":332,"column":6}},"92":{"start":{"line":336,"column":0},"end":{"line":336,"column":36}}},"fnMap":{"0":{"name":"(anonymous_0)","decl":{"start":{"line":17,"column":2},"end":{"line":17,"column":3}},"loc":{"start":{"line":17,"column":25},"end":{"line":90,"column":3}},"line":17},"1":{"name":"(anonymous_1)","decl":{"start":{"line":97,"column":2},"end":{"line":97,"column":3}},"loc":{"start":{"line":97,"column":24},"end":{"line":118,"column":3}},"line":97},"2":{"name":"(anonymous_2)","decl":{"start":{"line":125,"column":2},"end":{"line":125,"column":3}},"loc":{"start":{"line":125,"column":28},"end":{"line":140,"column":3}},"line":125},"3":{"name":"(anonymous_3)","decl":{"start":{"line":137,"column":23},"end":{"line":137,"column":24}},"loc":{"start":{"line":137,"column":28},"end":{"line":137,"column":49}},"line":137},"4":{"name":"(anonymous_4)","decl":{"start":{"line":147,"column":2},"end":{"line":147,"column":3}},"loc":{"start":{"line":147,"column":29},"end":{"line":167,"column":3}},"line":147},"5":{"name":"(anonymous_5)","decl":{"start":{"line":152,"column":29},"end":{"line":152,"column":30}},"loc":{"start":{"line":152,"column":34},"end":{"line":152,"column":61}},"line":152},"6":{"name":"(anonymous_6)","decl":{"start":{"line":156,"column":29},"end":{"line":156,"column":30}},"loc":{"start":{"line":156,"column":34},"end":{"line":156,"column":75}},"line":156},"7":{"name":"(anonymous_7)","decl":{"start":{"line":160,"column":16},"end":{"line":160,"column":17}},"loc":{"start":{"line":160,"column":26},"end":{"line":160,"column":71}},"line":160},"8":{"name":"(anonymous_8)","decl":{"start":{"line":164,"column":23},"end":{"line":164,"column":24}},"loc":{"start":{"line":164,"column":28},"end":{"line":164,"column":49}},"line":164},"9":{"name":"(anonymous_9)","decl":{"start":{"line":175,"column":2},"end":{"line":175,"column":3}},"loc":{"start":{"line":175,"column":37},"end":{"line":210,"column":3}},"line":175},"10":{"name":"(anonymous_10)","decl":{"start":{"line":218,"column":2},"end":{"line":218,"column":3}},"loc":{"start":{"line":218,"column":46},"end":{"line":249,"column":3}},"line":218},"11":{"name":"(anonymous_11)","decl":{"start":{"line":257,"column":2},"end":{"line":257,"column":3}},"loc":{"start":{"line":257,"column":31},"end":{"line":301,"column":3}},"line":257},"12":{"name":"(anonymous_12)","decl":{"start":{"line":307,"column":2},"end":{"line":307,"column":3}},"loc":{"start":{"line":307,"column":18},"end":{"line":333,"column":3}},"line":307},"13":{"name":"(anonymous_13)","decl":{"start":{"line":313,"column":16},"end":{"line":313,"column":17}},"loc":{"start":{"line":313,"column":21},"end":{"line":313,"column":47}},"line":313},"14":{"name":"(anonymous_14)","decl":{"start":{"line":314,"column":16},"end":{"line":314,"column":17}},"loc":{"start":{"line":314,"column":28},"end":{"line":314,"column":47}},"line":314},"15":{"name":"(anonymous_15)","decl":{"start":{"line":320,"column":32},"end":{"line":320,"column":33}},"loc":{"start":{"line":320,"column":42},"end":{"line":322,"column":5}},"line":320},"16":{"name":"(anonymous_16)","decl":{"start":{"line":321,"column":51},"end":{"line":321,"column":52}},"loc":{"start":{"line":321,"column":56},"end":{"line":321,"column":75}},"line":321},"17":{"name":"(anonymous_17)","decl":{"start":{"line":325,"column":54},"end":{"line":325,"column":55}},"loc":{"start":{"line":325,"column":64},"end":{"line":327,"column":5}},"line":325},"18":{"name":"(anonymous_18)","decl":{"start":{"line":326,"column":58},"end":{"line":326,"column":59}},"loc":{"start":{"line":326,"column":63},"end":{"line":326,"column":89}},"line":326}},"branchMap":{"0":{"loc":{"start":{"line":20,"column":4},"end":{"line":26,"column":5}},"type":"if","locations":[{"start":{"line":20,"column":4},"end":{"line":26,"column":5}},{"start":{},"end":{}}],"line":20},"1":{"loc":{"start":{"line":30,"column":4},"end":{"line":35,"column":5}},"type":"if","locations":[{"start":{"line":30,"column":4},"end":{"line":35,"column":5}},{"start":{},"end":{}}],"line":30},"2":{"loc":{"start":{"line":44,"column":6},"end":{"line":49,"column":7}},"type":"if","locations":[{"start":{"line":44,"column":6},"end":{"line":49,"column":7}},{"start":{},"end":{}}],"line":44},"3":{"loc":{"start":{"line":51,"column":6},"end":{"line":56,"column":7}},"type":"if","locations":[{"start":{"line":51,"column":6},"end":{"line":56,"column":7}},{"start":{},"end":{}}],"line":51},"4":{"loc":{"start":{"line":98,"column":4},"end":{"line":103,"column":5}},"type":"if","locations":[{"start":{"line":98,"column":4},"end":{"line":103,"column":5}},{"start":{},"end":{}}],"line":98},"5":{"loc":{"start":{"line":107,"column":4},"end":{"line":112,"column":5}},"type":"if","locations":[{"start":{"line":107,"column":4},"end":{"line":112,"column":5}},{"start":{},"end":{}}],"line":107},"6":{"loc":{"start":{"line":126,"column":4},"end":{"line":131,"column":5}},"type":"if","locations":[{"start":{"line":126,"column":4},"end":{"line":131,"column":5}},{"start":{},"end":{}}],"line":126},"7":{"loc":{"start":{"line":147,"column":15},"end":{"line":147,"column":27}},"type":"default-arg","locations":[{"start":{"line":147,"column":25},"end":{"line":147,"column":27}}],"line":147},"8":{"loc":{"start":{"line":151,"column":4},"end":{"line":153,"column":5}},"type":"if","locations":[{"start":{"line":151,"column":4},"end":{"line":153,"column":5}},{"start":{},"end":{}}],"line":151},"9":{"loc":{"start":{"line":155,"column":4},"end":{"line":157,"column":5}},"type":"if","locations":[{"start":{"line":155,"column":4},"end":{"line":157,"column":5}},{"start":{},"end":{}}],"line":155},"10":{"loc":{"start":{"line":178,"column":4},"end":{"line":183,"column":5}},"type":"if","locations":[{"start":{"line":178,"column":4},"end":{"line":183,"column":5}},{"start":{},"end":{}}],"line":178},"11":{"loc":{"start":{"line":186,"column":4},"end":{"line":191,"column":5}},"type":"if","locations":[{"start":{"line":186,"column":4},"end":{"line":191,"column":5}},{"start":{},"end":{}}],"line":186},"12":{"loc":{"start":{"line":195,"column":4},"end":{"line":200,"column":5}},"type":"if","locations":[{"start":{"line":195,"column":4},"end":{"line":200,"column":5}},{"start":{},"end":{}}],"line":195},"13":{"loc":{"start":{"line":221,"column":4},"end":{"line":226,"column":5}},"type":"if","locations":[{"start":{"line":221,"column":4},"end":{"line":226,"column":5}},{"start":{},"end":{}}],"line":221},"14":{"loc":{"start":{"line":229,"column":4},"end":{"line":234,"column":5}},"type":"if","locations":[{"start":{"line":229,"column":4},"end":{"line":234,"column":5}},{"start":{},"end":{}}],"line":229},"15":{"loc":{"start":{"line":240,"column":4},"end":{"line":242,"column":5}},"type":"if","locations":[{"start":{"line":240,"column":4},"end":{"line":242,"column":5}},{"start":{},"end":{}}],"line":240},"16":{"loc":{"start":{"line":240,"column":8},"end":{"line":240,"column":62}},"type":"binary-expr","locations":[{"start":{"line":240,"column":8},"end":{"line":240,"column":32}},{"start":{"line":240,"column":36},"end":{"line":240,"column":62}}],"line":240},"17":{"loc":{"start":{"line":260,"column":4},"end":{"line":265,"column":5}},"type":"if","locations":[{"start":{"line":260,"column":4},"end":{"line":265,"column":5}},{"start":{},"end":{}}],"line":260},"18":{"loc":{"start":{"line":268,"column":4},"end":{"line":273,"column":5}},"type":"if","locations":[{"start":{"line":268,"column":4},"end":{"line":273,"column":5}},{"start":{},"end":{}}],"line":268},"19":{"loc":{"start":{"line":276,"column":4},"end":{"line":281,"column":5}},"type":"if","locations":[{"start":{"line":276,"column":4},"end":{"line":281,"column":5}},{"start":{},"end":{}}],"line":276},"20":{"loc":{"start":{"line":286,"column":6},"end":{"line":289,"column":7}},"type":"if","locations":[{"start":{"line":286,"column":6},"end":{"line":289,"column":7}},{"start":{},"end":{}}],"line":286}},"s":{"0":1,"1":1,"2":4,"3":4,"4":1,"5":3,"6":3,"7":1,"8":2,"9":2,"10":2,"11":2,"12":2,"13":0,"14":2,"15":0,"16":2,"17":2,"18":2,"19":2,"20":2,"21":2,"22":2,"23":0,"24":0,"25":0,"26":0,"27":0,"28":0,"29":1,"30":0,"31":1,"32":1,"33":1,"34":0,"35":0,"36":0,"37":0,"38":0,"39":0,"40":0,"41":0,"42":0,"43":0,"44":0,"45":0,"46":0,"47":0,"48":0,"49":0,"50":0,"51":0,"52":0,"53":0,"54":0,"55":0,"56":0,"57":0,"58":0,"59":0,"60":0,"61":0,"62":0,"63":0,"64":0,"65":0,"66":0,"67":0,"68":0,"69":0,"70":0,"71":0,"72":0,"73":0,"74":0,"75":0,"76":0,"77":0,"78":0,"79":0,"80":0,"81":0,"82":0,"83":0,"84":0,"85":0,"86":0,"87":0,"88":0,"89":0,"90":0,"91":0,"92":1},"f":{"0":4,"1":0,"2":1,"3":1,"4":0,"5":0,"6":0,"7":0,"8":0,"9":0,"10":0,"11":0,"12":0,"13":0,"14":0,"15":0,"16":0,"17":0,"18":0},"b":{"0":[1,3],"1":[1,2],"2":[0,2],"3":[0,2],"4":[0,0],"5":[0,0],"6":[0,1],"7":[0],"8":[0,0],"9":[0,0],"10":[0,0],"11":[0,0],"12":[0,0],"13":[0,0],"14":[0,0],"15":[0,0],"16":[0,0],"17":[0,0],"18":[0,0],"19":[0,0],"20":[0,0]},"_coverageSchema":"1a1c01bbd47fc00a2c39e90264f33305004495a9","hash":"e77dc50c8ccf4efea2f5c0504342ffb0208587e6"}
,"D:\\online_shop\\backend\\src\\services\\productService.js": {"path":"D:\\online_shop\\backend\\src\\services\\productService.js","statementMap":{"0":{"start":{"line":8,"column":17},"end":{"line":8,"column":49}},"1":{"start":{"line":9,"column":16},"end":{"line":9,"column":44}},"2":{"start":{"line":14,"column":4},"end":{"line":14,"column":36}},"3":{"start":{"line":21,"column":27},"end":{"line":142,"column":5}},"4":{"start":{"line":145,"column":4},"end":{"line":151,"column":5}},"5":{"start":{"line":146,"column":6},"end":{"line":149,"column":9}},"6":{"start":{"line":147,"column":24},"end":{"line":147,"column":38}},"7":{"start":{"line":148,"column":8},"end":{"line":148,"column":37}},"8":{"start":{"line":150,"column":6},"end":{"line":150,"column":52}},"9":{"start":{"line":160,"column":19},"end":{"line":160,"column":41}},"10":{"start":{"line":163,"column":4},"end":{"line":167,"column":5}},"11":{"start":{"line":164,"column":6},"end":{"line":166,"column":8}},"12":{"start":{"line":165,"column":8},"end":{"line":165,"column":67}},"13":{"start":{"line":169,"column":4},"end":{"line":171,"column":5}},"14":{"start":{"line":170,"column":6},"end":{"line":170,"column":79}},"15":{"start":{"line":170,"column":38},"end":{"line":170,"column":77}},"16":{"start":{"line":173,"column":4},"end":{"line":175,"column":5}},"17":{"start":{"line":174,"column":6},"end":{"line":174,"column":79}},"18":{"start":{"line":174,"column":38},"end":{"line":174,"column":77}},"19":{"start":{"line":177,"column":4},"end":{"line":179,"column":5}},"20":{"start":{"line":178,"column":6},"end":{"line":178,"column":84}},"21":{"start":{"line":178,"column":38},"end":{"line":178,"column":82}},"22":{"start":{"line":181,"column":4},"end":{"line":183,"column":5}},"23":{"start":{"line":182,"column":6},"end":{"line":182,"column":51}},"24":{"start":{"line":182,"column":38},"end":{"line":182,"column":49}},"25":{"start":{"line":185,"column":4},"end":{"line":189,"column":6}},"26":{"start":{"line":187,"column":30},"end":{"line":187,"column":53}},"27":{"start":{"line":198,"column":4},"end":{"line":203,"column":5}},"28":{"start":{"line":199,"column":6},"end":{"line":202,"column":8}},"29":{"start":{"line":205,"column":20},"end":{"line":205,"column":55}},"30":{"start":{"line":207,"column":4},"end":{"line":212,"column":5}},"31":{"start":{"line":208,"column":6},"end":{"line":211,"column":8}},"32":{"start":{"line":214,"column":4},"end":{"line":217,"column":6}},"33":{"start":{"line":226,"column":23},"end":{"line":226,"column":52}},"34":{"start":{"line":227,"column":4},"end":{"line":233,"column":5}},"35":{"start":{"line":228,"column":6},"end":{"line":232,"column":8}},"36":{"start":{"line":235,"column":20},"end":{"line":235,"column":44}},"37":{"start":{"line":236,"column":4},"end":{"line":236,"column":33}},"38":{"start":{"line":238,"column":4},"end":{"line":242,"column":6}},"39":{"start":{"line":252,"column":20},"end":{"line":252,"column":55}},"40":{"start":{"line":254,"column":4},"end":{"line":259,"column":5}},"41":{"start":{"line":255,"column":6},"end":{"line":258,"column":8}},"42":{"start":{"line":261,"column":27},"end":{"line":264,"column":6}},"43":{"start":{"line":266,"column":4},"end":{"line":270,"column":6}},"44":{"start":{"line":279,"column":20},"end":{"line":279,"column":55}},"45":{"start":{"line":281,"column":4},"end":{"line":286,"column":5}},"46":{"start":{"line":282,"column":6},"end":{"line":285,"column":8}},"47":{"start":{"line":288,"column":4},"end":{"line":288,"column":38}},"48":{"start":{"line":290,"column":4},"end":{"line":293,"column":6}},"49":{"start":{"line":301,"column":21},"end":{"line":301,"column":67}},"50":{"start":{"line":301,"column":56},"end":{"line":301,"column":66}},"51":{"start":{"line":303,"column":4},"end":{"line":307,"column":6}},"52":{"start":{"line":305,"column":30},"end":{"line":305,"column":53}},"53":{"start":{"line":316,"column":4},"end":{"line":318,"column":5}},"54":{"start":{"line":317,"column":6},"end":{"line":317,"column":35}},"55":{"start":{"line":320,"column":23},"end":{"line":320,"column":42}},"56":{"start":{"line":321,"column":21},"end":{"line":325,"column":5}},"57":{"start":{"line":322,"column":6},"end":{"line":324,"column":54}},"58":{"start":{"line":327,"column":4},"end":{"line":332,"column":6}},"59":{"start":{"line":329,"column":30},"end":{"line":329,"column":53}},"60":{"start":{"line":336,"column":0},"end":{"line":336,"column":38}}},"fnMap":{"0":{"name":"(anonymous_0)","decl":{"start":{"line":12,"column":2},"end":{"line":12,"column":3}},"loc":{"start":{"line":12,"column":16},"end":{"line":15,"column":3}},"line":12},"1":{"name":"(anonymous_1)","decl":{"start":{"line":20,"column":2},"end":{"line":20,"column":3}},"loc":{"start":{"line":20,"column":29},"end":{"line":152,"column":3}},"line":20},"2":{"name":"(anonymous_2)","decl":{"start":{"line":146,"column":29},"end":{"line":146,"column":30}},"loc":{"start":{"line":146,"column":34},"end":{"line":149,"column":7}},"line":146},"3":{"name":"(anonymous_3)","decl":{"start":{"line":159,"column":2},"end":{"line":159,"column":3}},"loc":{"start":{"line":159,"column":31},"end":{"line":190,"column":3}},"line":159},"4":{"name":"(anonymous_4)","decl":{"start":{"line":164,"column":33},"end":{"line":164,"column":34}},"loc":{"start":{"line":165,"column":8},"end":{"line":165,"column":67}},"line":165},"5":{"name":"(anonymous_5)","decl":{"start":{"line":170,"column":33},"end":{"line":170,"column":34}},"loc":{"start":{"line":170,"column":38},"end":{"line":170,"column":77}},"line":170},"6":{"name":"(anonymous_6)","decl":{"start":{"line":174,"column":33},"end":{"line":174,"column":34}},"loc":{"start":{"line":174,"column":38},"end":{"line":174,"column":77}},"line":174},"7":{"name":"(anonymous_7)","decl":{"start":{"line":178,"column":33},"end":{"line":178,"column":34}},"loc":{"start":{"line":178,"column":38},"end":{"line":178,"column":82}},"line":178},"8":{"name":"(anonymous_8)","decl":{"start":{"line":182,"column":33},"end":{"line":182,"column":34}},"loc":{"start":{"line":182,"column":38},"end":{"line":182,"column":49}},"line":182},"9":{"name":"(anonymous_9)","decl":{"start":{"line":187,"column":25},"end":{"line":187,"column":26}},"loc":{"start":{"line":187,"column":30},"end":{"line":187,"column":53}},"line":187},"10":{"name":"(anonymous_10)","decl":{"start":{"line":197,"column":2},"end":{"line":197,"column":3}},"loc":{"start":{"line":197,"column":28},"end":{"line":218,"column":3}},"line":197},"11":{"name":"(anonymous_11)","decl":{"start":{"line":225,"column":2},"end":{"line":225,"column":3}},"loc":{"start":{"line":225,"column":29},"end":{"line":243,"column":3}},"line":225},"12":{"name":"(anonymous_12)","decl":{"start":{"line":251,"column":2},"end":{"line":251,"column":3}},"loc":{"start":{"line":251,"column":36},"end":{"line":271,"column":3}},"line":251},"13":{"name":"(anonymous_13)","decl":{"start":{"line":278,"column":2},"end":{"line":278,"column":3}},"loc":{"start":{"line":278,"column":27},"end":{"line":294,"column":3}},"line":278},"14":{"name":"(anonymous_14)","decl":{"start":{"line":300,"column":2},"end":{"line":300,"column":3}},"loc":{"start":{"line":300,"column":24},"end":{"line":308,"column":3}},"line":300},"15":{"name":"(anonymous_15)","decl":{"start":{"line":301,"column":51},"end":{"line":301,"column":52}},"loc":{"start":{"line":301,"column":56},"end":{"line":301,"column":66}},"line":301},"16":{"name":"(anonymous_16)","decl":{"start":{"line":305,"column":25},"end":{"line":305,"column":26}},"loc":{"start":{"line":305,"column":30},"end":{"line":305,"column":53}},"line":305},"17":{"name":"(anonymous_17)","decl":{"start":{"line":315,"column":2},"end":{"line":315,"column":3}},"loc":{"start":{"line":315,"column":24},"end":{"line":333,"column":3}},"line":315},"18":{"name":"(anonymous_18)","decl":{"start":{"line":321,"column":51},"end":{"line":321,"column":52}},"loc":{"start":{"line":322,"column":6},"end":{"line":324,"column":54}},"line":322},"19":{"name":"(anonymous_19)","decl":{"start":{"line":329,"column":25},"end":{"line":329,"column":26}},"loc":{"start":{"line":329,"column":30},"end":{"line":329,"column":53}},"line":329}},"branchMap":{"0":{"loc":{"start":{"line":145,"column":4},"end":{"line":151,"column":5}},"type":"if","locations":[{"start":{"line":145,"column":4},"end":{"line":151,"column":5}},{"start":{},"end":{}}],"line":145},"1":{"loc":{"start":{"line":159,"column":17},"end":{"line":159,"column":29}},"type":"default-arg","locations":[{"start":{"line":159,"column":27},"end":{"line":159,"column":29}}],"line":159},"2":{"loc":{"start":{"line":163,"column":4},"end":{"line":167,"column":5}},"type":"if","locations":[{"start":{"line":163,"column":4},"end":{"line":167,"column":5}},{"start":{},"end":{}}],"line":163},"3":{"loc":{"start":{"line":169,"column":4},"end":{"line":171,"column":5}},"type":"if","locations":[{"start":{"line":169,"column":4},"end":{"line":171,"column":5}},{"start":{},"end":{}}],"line":169},"4":{"loc":{"start":{"line":173,"column":4},"end":{"line":175,"column":5}},"type":"if","locations":[{"start":{"line":173,"column":4},"end":{"line":175,"column":5}},{"start":{},"end":{}}],"line":173},"5":{"loc":{"start":{"line":177,"column":4},"end":{"line":179,"column":5}},"type":"if","locations":[{"start":{"line":177,"column":4},"end":{"line":179,"column":5}},{"start":{},"end":{}}],"line":177},"6":{"loc":{"start":{"line":181,"column":4},"end":{"line":183,"column":5}},"type":"if","locations":[{"start":{"line":181,"column":4},"end":{"line":183,"column":5}},{"start":{},"end":{}}],"line":181},"7":{"loc":{"start":{"line":198,"column":4},"end":{"line":203,"column":5}},"type":"if","locations":[{"start":{"line":198,"column":4},"end":{"line":203,"column":5}},{"start":{},"end":{}}],"line":198},"8":{"loc":{"start":{"line":207,"column":4},"end":{"line":212,"column":5}},"type":"if","locations":[{"start":{"line":207,"column":4},"end":{"line":212,"column":5}},{"start":{},"end":{}}],"line":207},"9":{"loc":{"start":{"line":227,"column":4},"end":{"line":233,"column":5}},"type":"if","locations":[{"start":{"line":227,"column":4},"end":{"line":233,"column":5}},{"start":{},"end":{}}],"line":227},"10":{"loc":{"start":{"line":254,"column":4},"end":{"line":259,"column":5}},"type":"if","locations":[{"start":{"line":254,"column":4},"end":{"line":259,"column":5}},{"start":{},"end":{}}],"line":254},"11":{"loc":{"start":{"line":281,"column":4},"end":{"line":286,"column":5}},"type":"if","locations":[{"start":{"line":281,"column":4},"end":{"line":286,"column":5}},{"start":{},"end":{}}],"line":281},"12":{"loc":{"start":{"line":316,"column":4},"end":{"line":318,"column":5}},"type":"if","locations":[{"start":{"line":316,"column":4},"end":{"line":318,"column":5}},{"start":{},"end":{}}],"line":316},"13":{"loc":{"start":{"line":322,"column":6},"end":{"line":324,"column":54}},"type":"binary-expr","locations":[{"start":{"line":322,"column":6},"end":{"line":322,"column":47}},{"start":{"line":323,"column":6},"end":{"line":323,"column":48}},{"start":{"line":324,"column":6},"end":{"line":324,"column":54}}],"line":322}},"s":{"0":1,"1":1,"2":1,"3":24,"4":24,"5":24,"6":192,"7":192,"8":24,"9":7,"10":7,"11":1,"12":8,"13":7,"14":1,"15":8,"16":7,"17":1,"18":5,"19":7,"20":0,"21":0,"22":7,"23":0,"24":0,"25":7,"26":43,"27":0,"28":0,"29":0,"30":0,"31":0,"32":0,"33":2,"34":2,"35":1,"36":1,"37":1,"38":1,"39":0,"40":0,"41":0,"42":0,"43":0,"44":0,"45":0,"46":0,"47":0,"48":0,"49":1,"50":8,"51":1,"52":5,"53":1,"54":0,"55":1,"56":1,"57":8,"58":1,"59":1,"60":1},"f":{"0":1,"1":24,"2":192,"3":7,"4":8,"5":8,"6":5,"7":0,"8":0,"9":43,"10":0,"11":2,"12":0,"13":0,"14":1,"15":8,"16":5,"17":1,"18":8,"19":1},"b":{"0":[24,0],"1":[0],"2":[1,6],"3":[1,6],"4":[1,6],"5":[0,7],"6":[0,7],"7":[0,0],"8":[0,0],"9":[1,1],"10":[0,0],"11":[0,0],"12":[0,1],"13":[8,7,7]},"_coverageSchema":"1a1c01bbd47fc00a2c39e90264f33305004495a9","hash":"2b174c6f240fada306161ab7bfe46738f629e79f"}
,"D:\\online_shop\\backend\\src\\services\\userService.js": {"path":"D:\\online_shop\\backend\\src\\services\\userService.js","statementMap":{"0":{"start":{"line":8,"column":17},"end":{"line":8,"column":49}},"1":{"start":{"line":9,"column":13},"end":{"line":9,"column":38}},"2":{"start":{"line":19,"column":23},"end":{"line":19,"column":46}},"3":{"start":{"line":20,"column":4},"end":{"line":26,"column":5}},"4":{"start":{"line":21,"column":6},"end":{"line":25,"column":8}},"5":{"start":{"line":29,"column":25},"end":{"line":29,"column":65}},"6":{"start":{"line":30,"column":4},"end":{"line":35,"column":5}},"7":{"start":{"line":31,"column":6},"end":{"line":34,"column":8}},"8":{"start":{"line":38,"column":17},"end":{"line":38,"column":35}},"9":{"start":{"line":39,"column":4},"end":{"line":39,"column":27}},"10":{"start":{"line":41,"column":4},"end":{"line":45,"column":6}},"11":{"start":{"line":55,"column":4},"end":{"line":60,"column":5}},"12":{"start":{"line":56,"column":6},"end":{"line":59,"column":8}},"13":{"start":{"line":62,"column":17},"end":{"line":62,"column":48}},"14":{"start":{"line":64,"column":4},"end":{"line":69,"column":5}},"15":{"start":{"line":65,"column":6},"end":{"line":68,"column":8}},"16":{"start":{"line":72,"column":4},"end":{"line":77,"column":5}},"17":{"start":{"line":73,"column":6},"end":{"line":76,"column":8}},"18":{"start":{"line":80,"column":18},"end":{"line":80,"column":50}},"19":{"start":{"line":82,"column":4},"end":{"line":89,"column":6}},"20":{"start":{"line":98,"column":4},"end":{"line":103,"column":5}},"21":{"start":{"line":99,"column":6},"end":{"line":102,"column":8}},"22":{"start":{"line":105,"column":17},"end":{"line":105,"column":46}},"23":{"start":{"line":107,"column":4},"end":{"line":112,"column":5}},"24":{"start":{"line":108,"column":6},"end":{"line":111,"column":8}},"25":{"start":{"line":114,"column":4},"end":{"line":117,"column":6}},"26":{"start":{"line":125,"column":18},"end":{"line":125,"column":37}},"27":{"start":{"line":126,"column":4},"end":{"line":130,"column":6}},"28":{"start":{"line":128,"column":27},"end":{"line":128,"column":47}},"29":{"start":{"line":140,"column":17},"end":{"line":140,"column":46}},"30":{"start":{"line":142,"column":4},"end":{"line":147,"column":5}},"31":{"start":{"line":143,"column":6},"end":{"line":146,"column":8}},"32":{"start":{"line":150,"column":27},"end":{"line":150,"column":44}},"33":{"start":{"line":151,"column":4},"end":{"line":155,"column":7}},"34":{"start":{"line":152,"column":6},"end":{"line":154,"column":7}},"35":{"start":{"line":153,"column":8},"end":{"line":153,"column":37}},"36":{"start":{"line":157,"column":4},"end":{"line":157,"column":46}},"37":{"start":{"line":159,"column":4},"end":{"line":163,"column":6}},"38":{"start":{"line":167,"column":0},"end":{"line":167,"column":35}}},"fnMap":{"0":{"name":"(anonymous_0)","decl":{"start":{"line":17,"column":2},"end":{"line":17,"column":3}},"loc":{"start":{"line":17,"column":21},"end":{"line":46,"column":3}},"line":17},"1":{"name":"(anonymous_1)","decl":{"start":{"line":54,"column":2},"end":{"line":54,"column":3}},"loc":{"start":{"line":54,"column":25},"end":{"line":90,"column":3}},"line":54},"2":{"name":"(anonymous_2)","decl":{"start":{"line":97,"column":2},"end":{"line":97,"column":3}},"loc":{"start":{"line":97,"column":21},"end":{"line":118,"column":3}},"line":97},"3":{"name":"(anonymous_3)","decl":{"start":{"line":124,"column":2},"end":{"line":124,"column":3}},"loc":{"start":{"line":124,"column":16},"end":{"line":131,"column":3}},"line":124},"4":{"name":"(anonymous_4)","decl":{"start":{"line":128,"column":22},"end":{"line":128,"column":23}},"loc":{"start":{"line":128,"column":27},"end":{"line":128,"column":47}},"line":128},"5":{"name":"(anonymous_5)","decl":{"start":{"line":139,"column":2},"end":{"line":139,"column":3}},"loc":{"start":{"line":139,"column":33},"end":{"line":164,"column":3}},"line":139},"6":{"name":"(anonymous_6)","decl":{"start":{"line":151,"column":27},"end":{"line":151,"column":28}},"loc":{"start":{"line":151,"column":36},"end":{"line":155,"column":5}},"line":151}},"branchMap":{"0":{"loc":{"start":{"line":20,"column":4},"end":{"line":26,"column":5}},"type":"if","locations":[{"start":{"line":20,"column":4},"end":{"line":26,"column":5}},{"start":{},"end":{}}],"line":20},"1":{"loc":{"start":{"line":30,"column":4},"end":{"line":35,"column":5}},"type":"if","locations":[{"start":{"line":30,"column":4},"end":{"line":35,"column":5}},{"start":{},"end":{}}],"line":30},"2":{"loc":{"start":{"line":55,"column":4},"end":{"line":60,"column":5}},"type":"if","locations":[{"start":{"line":55,"column":4},"end":{"line":60,"column":5}},{"start":{},"end":{}}],"line":55},"3":{"loc":{"start":{"line":55,"column":8},"end":{"line":55,"column":27}},"type":"binary-expr","locations":[{"start":{"line":55,"column":8},"end":{"line":55,"column":14}},{"start":{"line":55,"column":18},"end":{"line":55,"column":27}}],"line":55},"4":{"loc":{"start":{"line":64,"column":4},"end":{"line":69,"column":5}},"type":"if","locations":[{"start":{"line":64,"column":4},"end":{"line":69,"column":5}},{"start":{},"end":{}}],"line":64},"5":{"loc":{"start":{"line":72,"column":4},"end":{"line":77,"column":5}},"type":"if","locations":[{"start":{"line":72,"column":4},"end":{"line":77,"column":5}},{"start":{},"end":{}}],"line":72},"6":{"loc":{"start":{"line":98,"column":4},"end":{"line":103,"column":5}},"type":"if","locations":[{"start":{"line":98,"column":4},"end":{"line":103,"column":5}},{"start":{},"end":{}}],"line":98},"7":{"loc":{"start":{"line":107,"column":4},"end":{"line":112,"column":5}},"type":"if","locations":[{"start":{"line":107,"column":4},"end":{"line":112,"column":5}},{"start":{},"end":{}}],"line":107},"8":{"loc":{"start":{"line":142,"column":4},"end":{"line":147,"column":5}},"type":"if","locations":[{"start":{"line":142,"column":4},"end":{"line":147,"column":5}},{"start":{},"end":{}}],"line":142},"9":{"loc":{"start":{"line":152,"column":6},"end":{"line":154,"column":7}},"type":"if","locations":[{"start":{"line":152,"column":6},"end":{"line":154,"column":7}},{"start":{},"end":{}}],"line":152}},"s":{"0":1,"1":1,"2":12,"3":12,"4":2,"5":10,"6":10,"7":1,"8":9,"9":9,"10":9,"11":3,"12":0,"13":3,"14":3,"15":1,"16":2,"17":1,"18":1,"19":1,"20":0,"21":0,"22":0,"23":0,"24":0,"25":0,"26":0,"27":0,"28":0,"29":0,"30":0,"31":0,"32":0,"33":0,"34":0,"35":0,"36":0,"37":0,"38":1},"f":{"0":12,"1":3,"2":0,"3":0,"4":0,"5":0,"6":0},"b":{"0":[2,10],"1":[1,9],"2":[0,3],"3":[3,3],"4":[1,2],"5":[1,1],"6":[0,0],"7":[0,0],"8":[0,0],"9":[0,0]},"_coverageSchema":"1a1c01bbd47fc00a2c39e90264f33305004495a9","hash":"eb67f1066f78d1b2686f59f86b97484a8e156472"}
}
