TN:
SF:src\controllers\orderController.js
FN:15,(anonymous_0)
FN:37,(anonymous_1)
FN:59,(anonymous_2)
FN:76,(anonymous_3)
FN:98,(anonymous_4)
FN:121,(anonymous_5)
FN:144,(anonymous_6)
FN:167,(anonymous_7)
FNF:8
FNH:2
FNDA:4,(anonymous_0)
FNDA:0,(anonymous_1)
FNDA:1,(anonymous_2)
FNDA:0,(anonymous_3)
FNDA:0,(anonymous_4)
FNDA:0,(anonymous_5)
FNDA:0,(anonymous_6)
FNDA:0,(anonymous_7)
DA:8,1
DA:16,4
DA:17,4
DA:19,4
DA:20,2
DA:22,2
DA:25,0
DA:38,0
DA:39,0
DA:41,0
DA:42,0
DA:44,0
DA:47,0
DA:60,1
DA:61,1
DA:62,1
DA:64,0
DA:77,0
DA:78,0
DA:83,0
DA:84,0
DA:86,0
DA:99,0
DA:100,0
DA:101,0
DA:103,0
DA:104,0
DA:106,0
DA:109,0
DA:122,0
DA:123,0
DA:124,0
DA:126,0
DA:127,0
DA:129,0
DA:132,0
DA:145,0
DA:146,0
DA:147,0
DA:149,0
DA:150,0
DA:152,0
DA:155,0
DA:168,0
DA:169,0
DA:170,0
DA:172,0
DA:181,1
LF:48
LH:10
BRDA:19,0,0,2
BRDA:19,0,1,2
BRDA:41,1,0,0
BRDA:41,1,1,0
BRDA:103,2,0,0
BRDA:103,2,1,0
BRDA:126,3,0,0
BRDA:126,3,1,0
BRDA:149,4,0,0
BRDA:149,4,1,0
BRF:10
BRH:2
end_of_record
TN:
SF:src\controllers\productController.js
FN:15,(anonymous_0)
FN:40,(anonymous_1)
FN:57,(anonymous_2)
FN:74,(anonymous_3)
FN:96,(anonymous_4)
FN:118,(anonymous_5)
FN:140,(anonymous_6)
FNF:7
FNH:4
FNDA:7,(anonymous_0)
FNDA:1,(anonymous_1)
FNDA:1,(anonymous_2)
FNDA:0,(anonymous_3)
FNDA:2,(anonymous_4)
FNDA:0,(anonymous_5)
FNDA:0,(anonymous_6)
DA:8,1
DA:16,7
DA:17,7
DA:25,7
DA:26,7
DA:28,0
DA:41,1
DA:42,1
DA:43,1
DA:45,0
DA:58,1
DA:59,1
DA:60,1
DA:62,0
DA:75,0
DA:76,0
DA:78,0
DA:79,0
DA:81,0
DA:84,0
DA:97,2
DA:98,2
DA:100,2
DA:101,1
DA:103,1
DA:106,0
DA:119,0
DA:120,0
DA:122,0
DA:123,0
DA:125,0
DA:128,0
DA:141,0
DA:142,0
DA:144,0
DA:145,0
DA:147,0
DA:150,0
DA:159,1
LF:39
LH:17
BRDA:78,0,0,0
BRDA:78,0,1,0
BRDA:100,1,0,1
BRDA:100,1,1,1
BRDA:122,2,0,0
BRDA:122,2,1,0
BRDA:144,3,0,0
BRDA:144,3,1,0
BRF:8
BRH:2
end_of_record
TN:
SF:src\controllers\userController.js
FN:15,(anonymous_0)
FN:37,(anonymous_1)
FN:60,(anonymous_2)
FN:82,(anonymous_3)
FN:99,(anonymous_4)
FNF:5
FNH:2
FNDA:12,(anonymous_0)
FNDA:3,(anonymous_1)
FNDA:0,(anonymous_2)
FNDA:0,(anonymous_3)
FNDA:0,(anonymous_4)
DA:8,1
DA:16,12
DA:17,12
DA:19,12
DA:20,9
DA:22,3
DA:25,0
DA:38,3
DA:39,3
DA:40,3
DA:42,3
DA:43,1
DA:45,2
DA:48,0
DA:61,0
DA:62,0
DA:64,0
DA:65,0
DA:67,0
DA:70,0
DA:83,0
DA:84,0
DA:85,0
DA:87,0
DA:100,0
DA:101,0
DA:103,0
DA:104,0
DA:106,0
DA:109,0
DA:118,1
LF:31
LH:13
BRDA:19,0,0,9
BRDA:19,0,1,3
BRDA:42,1,0,1
BRDA:42,1,1,2
BRDA:64,2,0,0
BRDA:64,2,1,0
BRDA:103,3,0,0
BRDA:103,3,1,0
BRF:8
BRH:4
end_of_record
TN:
SF:src\models\Order.js
FN:9,(anonymous_0)
FN:25,(anonymous_1)
FN:26,(anonymous_2)
FN:32,(anonymous_3)
FN:50,(anonymous_4)
FN:62,(anonymous_5)
FN:86,(anonymous_6)
FNF:7
FNH:4
FNDA:3,(anonymous_0)
FNDA:0,(anonymous_1)
FNDA:0,(anonymous_2)
FNDA:3,(anonymous_3)
FNDA:4,(anonymous_4)
FNDA:3,(anonymous_5)
FNDA:0,(anonymous_6)
DA:6,1
DA:10,3
DA:11,3
DA:12,3
DA:13,3
DA:14,3
DA:15,3
DA:16,3
DA:17,3
DA:18,3
DA:19,3
DA:20,3
DA:21,3
DA:26,0
DA:27,0
DA:33,3
DA:51,4
DA:53,4
DA:54,0
DA:57,4
DA:58,1
DA:61,4
DA:62,4
DA:63,3
DA:64,0
DA:66,3
DA:67,0
DA:72,4
DA:73,0
DA:76,4
DA:83,1
DA:87,0
DA:95,0
DA:99,1
LF:34
LH:26
BRDA:10,0,0,3
BRDA:10,0,1,2
BRDA:12,1,0,3
BRDA:12,1,1,0
BRDA:13,2,0,3
BRDA:13,2,1,0
BRDA:14,3,0,3
BRDA:14,3,1,2
BRDA:15,4,0,3
BRDA:15,4,1,0
BRDA:16,5,0,3
BRDA:16,5,1,0
BRDA:17,6,0,3
BRDA:17,6,1,2
BRDA:18,7,0,3
BRDA:18,7,1,0
BRDA:19,8,0,3
BRDA:19,8,1,3
BRDA:20,9,0,3
BRDA:20,9,1,2
BRDA:53,10,0,0
BRDA:53,10,1,4
BRDA:57,11,0,1
BRDA:57,11,1,3
BRDA:57,12,0,4
BRDA:57,12,1,4
BRDA:57,12,2,4
BRDA:61,13,0,4
BRDA:61,13,1,0
BRDA:63,14,0,0
BRDA:63,14,1,3
BRDA:66,15,0,0
BRDA:66,15,1,3
BRDA:66,16,0,3
BRDA:66,16,1,3
BRDA:72,17,0,0
BRDA:72,17,1,4
BRDA:72,18,0,4
BRDA:72,18,1,4
BRDA:95,19,0,0
BRDA:95,19,1,0
BRF:41
BRH:29
end_of_record
TN:
SF:src\models\Product.js
FN:9,(anonymous_0)
FN:26,(anonymous_1)
FN:45,(anonymous_2)
FN:71,(anonymous_3)
FN:76,(anonymous_4)
FNF:5
FNH:3
FNDA:242,(anonymous_0)
FNDA:50,(anonymous_1)
FNDA:2,(anonymous_2)
FNDA:0,(anonymous_3)
FNDA:0,(anonymous_4)
DA:6,1
DA:10,242
DA:11,242
DA:12,242
DA:13,242
DA:14,242
DA:15,242
DA:16,242
DA:17,242
DA:18,242
DA:19,242
DA:20,242
DA:21,242
DA:22,242
DA:27,50
DA:46,2
DA:48,2
DA:49,0
DA:52,2
DA:53,1
DA:56,2
DA:57,1
DA:60,2
DA:61,0
DA:64,2
DA:72,0
DA:77,0
DA:78,0
DA:79,0
DA:80,0
DA:82,0
DA:86,1
LF:32
LH:24
BRDA:10,0,0,242
BRDA:10,0,1,193
BRDA:13,1,0,242
BRDA:13,1,1,1
BRDA:15,2,0,242
BRDA:15,2,1,193
BRDA:16,3,0,242
BRDA:16,3,1,1
BRDA:17,4,0,242
BRDA:17,4,1,193
BRDA:18,5,0,242
BRDA:18,5,1,0
BRDA:19,6,0,242
BRDA:19,6,1,1
BRDA:20,7,0,242
BRDA:20,7,1,89
BRDA:21,8,0,242
BRDA:21,8,1,193
BRDA:48,9,0,0
BRDA:48,9,1,2
BRDA:48,10,0,2
BRDA:48,10,1,2
BRDA:52,11,0,1
BRDA:52,11,1,1
BRDA:52,12,0,2
BRDA:52,12,1,1
BRDA:56,13,0,1
BRDA:56,13,1,1
BRDA:56,14,0,2
BRDA:56,14,1,1
BRDA:60,15,0,0
BRDA:60,15,1,2
BRDA:60,16,0,2
BRDA:60,16,1,1
BRDA:76,17,0,0
BRDA:77,18,0,0
BRDA:77,18,1,0
BRF:37
BRH:31
end_of_record
TN:
SF:src\models\User.js
FN:9,(anonymous_0)
FN:20,(anonymous_1)
FN:32,(anonymous_2)
FNF:3
FNH:3
FNDA:9,(anonymous_0)
FNDA:10,(anonymous_1)
FNDA:12,(anonymous_2)
DA:6,1
DA:10,9
DA:11,9
DA:12,9
DA:13,9
DA:14,9
DA:15,9
DA:16,9
DA:21,10
DA:33,12
DA:35,12
DA:36,1
DA:39,12
DA:40,1
DA:43,12
DA:44,0
DA:47,12
DA:54,1
LF:18
LH:17
BRDA:10,0,0,9
BRDA:10,0,1,9
BRDA:14,1,0,9
BRDA:14,1,1,9
BRDA:15,2,0,9
BRDA:15,2,1,9
BRDA:35,3,0,1
BRDA:35,3,1,11
BRDA:35,4,0,12
BRDA:35,4,1,12
BRDA:39,5,0,1
BRDA:39,5,1,11
BRDA:39,6,0,12
BRDA:39,6,1,12
BRDA:43,7,0,0
BRDA:43,7,1,12
BRDA:43,8,0,12
BRDA:43,8,1,12
BRF:18
BRH:17
end_of_record
TN:
SF:src\patterns\singleton.js
FN:16,(anonymous_0)
FN:34,(anonymous_1)
FN:47,(anonymous_2)
FN:51,(anonymous_3)
FN:56,(anonymous_4)
FN:57,(anonymous_5)
FN:60,(anonymous_6)
FN:61,(anonymous_7)
FN:65,(anonymous_8)
FN:69,(anonymous_9)
FN:74,(anonymous_10)
FN:75,(anonymous_11)
FN:78,(anonymous_12)
FN:79,(anonymous_13)
FN:87,(anonymous_14)
FN:88,(anonymous_15)
FN:96,(anonymous_16)
FN:100,(anonymous_17)
FN:105,(anonymous_18)
FN:106,(anonymous_19)
FN:109,(anonymous_20)
FN:110,(anonymous_21)
FN:113,(anonymous_22)
FN:124,(anonymous_23)
FNF:24
FNH:18
FNDA:1,(anonymous_0)
FNDA:1,(anonymous_1)
FNDA:1,(anonymous_2)
FNDA:10,(anonymous_3)
FNDA:13,(anonymous_4)
FNDA:4,(anonymous_5)
FNDA:3,(anonymous_6)
FNDA:3,(anonymous_7)
FNDA:33,(anonymous_8)
FNDA:193,(anonymous_9)
FNDA:2,(anonymous_10)
FNDA:2,(anonymous_11)
FNDA:2,(anonymous_12)
FNDA:2,(anonymous_13)
FNDA:0,(anonymous_14)
FNDA:0,(anonymous_15)
FNDA:0,(anonymous_16)
FNDA:2,(anonymous_17)
FNDA:0,(anonymous_18)
FNDA:0,(anonymous_19)
FNDA:1,(anonymous_20)
FNDA:1,(anonymous_21)
FNDA:0,(anonymous_22)
FNDA:23,(anonymous_23)
DA:17,1
DA:18,0
DA:22,1
DA:23,1
DA:24,1
DA:25,1
DA:28,1
DA:30,1
DA:35,1
DA:48,1
DA:52,10
DA:53,10
DA:57,13
DA:61,3
DA:66,33
DA:70,193
DA:71,193
DA:75,2
DA:79,2
DA:80,2
DA:81,2
DA:82,2
DA:84,0
DA:88,0
DA:89,0
DA:90,0
DA:92,0
DA:97,0
DA:101,2
DA:102,2
DA:106,0
DA:110,1
DA:114,0
DA:115,0
DA:116,0
DA:117,0
DA:118,0
DA:120,0
DA:125,23
DA:126,23
DA:127,23
DA:128,23
DA:133,1
DA:135,1
LF:44
LH:30
BRDA:17,0,0,0
BRDA:17,0,1,1
BRDA:80,1,0,2
BRDA:80,1,1,0
BRDA:89,2,0,0
BRDA:89,2,1,0
BRDA:115,3,0,0
BRDA:115,3,1,0
BRF:8
BRH:2
end_of_record
TN:
SF:src\routes\orderRoutes.js
FN:17,(anonymous_0)
FN:24,(anonymous_1)
FN:31,(anonymous_2)
FN:38,(anonymous_3)
FN:45,(anonymous_4)
FN:52,(anonymous_5)
FN:59,(anonymous_6)
FN:66,(anonymous_7)
FNF:8
FNH:2
FNDA:0,(anonymous_0)
FNDA:0,(anonymous_1)
FNDA:1,(anonymous_2)
FNDA:0,(anonymous_3)
FNDA:4,(anonymous_4)
FNDA:0,(anonymous_5)
FNDA:0,(anonymous_6)
FNDA:0,(anonymous_7)
DA:7,1
DA:8,1
DA:9,1
DA:17,1
DA:24,1
DA:31,1
DA:38,1
DA:45,4
DA:52,1
DA:59,1
DA:66,1
DA:68,1
LF:12
LH:12
BRF:0
BRH:0
end_of_record
TN:
SF:src\routes\productRoutes.js
FN:17,(anonymous_0)
FN:24,(anonymous_1)
FN:32,(anonymous_2)
FN:39,(anonymous_3)
FN:46,(anonymous_4)
FN:53,(anonymous_5)
FN:60,(anonymous_6)
FNF:7
FNH:4
FNDA:7,(anonymous_0)
FNDA:1,(anonymous_1)
FNDA:1,(anonymous_2)
FNDA:0,(anonymous_3)
FNDA:2,(anonymous_4)
FNDA:0,(anonymous_5)
FNDA:0,(anonymous_6)
DA:7,1
DA:8,1
DA:9,1
DA:17,7
DA:24,1
DA:32,1
DA:39,1
DA:46,2
DA:53,1
DA:60,1
DA:62,1
LF:11
LH:11
BRF:0
BRH:0
end_of_record
TN:
SF:src\routes\userRoutes.js
FN:16,(anonymous_0)
FN:23,(anonymous_1)
FN:30,(anonymous_2)
FN:37,(anonymous_3)
FN:44,(anonymous_4)
FNF:5
FNH:2
FNDA:12,(anonymous_0)
FNDA:3,(anonymous_1)
FNDA:0,(anonymous_2)
FNDA:0,(anonymous_3)
FNDA:0,(anonymous_4)
DA:7,1
DA:8,1
DA:9,1
DA:16,12
DA:23,3
DA:30,1
DA:37,1
DA:44,1
DA:46,1
LF:9
LH:9
BRF:0
BRH:0
end_of_record
TN:
SF:src\services\orderService.js
FN:17,(anonymous_0)
FN:97,(anonymous_1)
FN:125,(anonymous_2)
FN:137,(anonymous_3)
FN:147,(anonymous_4)
FN:152,(anonymous_5)
FN:156,(anonymous_6)
FN:160,(anonymous_7)
FN:164,(anonymous_8)
FN:175,(anonymous_9)
FN:218,(anonymous_10)
FN:257,(anonymous_11)
FN:307,(anonymous_12)
FN:313,(anonymous_13)
FN:314,(anonymous_14)
FN:320,(anonymous_15)
FN:321,(anonymous_16)
FN:325,(anonymous_17)
FN:326,(anonymous_18)
FNF:19
FNH:3
FNDA:4,(anonymous_0)
FNDA:0,(anonymous_1)
FNDA:1,(anonymous_2)
FNDA:1,(anonymous_3)
FNDA:0,(anonymous_4)
FNDA:0,(anonymous_5)
FNDA:0,(anonymous_6)
FNDA:0,(anonymous_7)
FNDA:0,(anonymous_8)
FNDA:0,(anonymous_9)
FNDA:0,(anonymous_10)
FNDA:0,(anonymous_11)
FNDA:0,(anonymous_12)
FNDA:0,(anonymous_13)
FNDA:0,(anonymous_14)
FNDA:0,(anonymous_15)
FNDA:0,(anonymous_16)
FNDA:0,(anonymous_17)
FNDA:0,(anonymous_18)
DA:8,1
DA:9,1
DA:19,4
DA:20,4
DA:21,1
DA:29,3
DA:30,3
DA:31,1
DA:38,2
DA:39,2
DA:41,2
DA:42,2
DA:44,2
DA:45,0
DA:51,2
DA:52,0
DA:59,2
DA:67,2
DA:70,2
DA:71,2
DA:75,2
DA:83,2
DA:85,2
DA:98,0
DA:99,0
DA:105,0
DA:107,0
DA:108,0
DA:114,0
DA:126,1
DA:127,0
DA:133,1
DA:135,1
DA:137,1
DA:148,0
DA:151,0
DA:152,0
DA:155,0
DA:156,0
DA:160,0
DA:162,0
DA:164,0
DA:176,0
DA:178,0
DA:179,0
DA:186,0
DA:187,0
DA:194,0
DA:195,0
DA:196,0
DA:203,0
DA:205,0
DA:219,0
DA:221,0
DA:222,0
DA:228,0
DA:229,0
DA:230,0
DA:236,0
DA:237,0
DA:240,0
DA:241,0
DA:244,0
DA:258,0
DA:260,0
DA:261,0
DA:268,0
DA:269,0
DA:276,0
DA:277,0
DA:284,0
DA:285,0
DA:286,0
DA:287,0
DA:288,0
DA:293,0
DA:294,0
DA:296,0
DA:308,0
DA:310,0
DA:313,0
DA:314,0
DA:320,0
DA:321,0
DA:325,0
DA:326,0
DA:329,0
DA:336,1
LF:88
LH:26
BRDA:20,0,0,1
BRDA:20,0,1,3
BRDA:30,1,0,1
BRDA:30,1,1,2
BRDA:44,2,0,0
BRDA:44,2,1,2
BRDA:51,3,0,0
BRDA:51,3,1,2
BRDA:98,4,0,0
BRDA:98,4,1,0
BRDA:107,5,0,0
BRDA:107,5,1,0
BRDA:126,6,0,0
BRDA:126,6,1,1
BRDA:147,7,0,0
BRDA:151,8,0,0
BRDA:151,8,1,0
BRDA:155,9,0,0
BRDA:155,9,1,0
BRDA:178,10,0,0
BRDA:178,10,1,0
BRDA:186,11,0,0
BRDA:186,11,1,0
BRDA:195,12,0,0
BRDA:195,12,1,0
BRDA:221,13,0,0
BRDA:221,13,1,0
BRDA:229,14,0,0
BRDA:229,14,1,0
BRDA:240,15,0,0
BRDA:240,15,1,0
BRDA:240,16,0,0
BRDA:240,16,1,0
BRDA:260,17,0,0
BRDA:260,17,1,0
BRDA:268,18,0,0
BRDA:268,18,1,0
BRDA:276,19,0,0
BRDA:276,19,1,0
BRDA:286,20,0,0
BRDA:286,20,1,0
BRF:41
BRH:7
end_of_record
TN:
SF:src\services\productService.js
FN:12,(anonymous_0)
FN:20,(anonymous_1)
FN:146,(anonymous_2)
FN:159,(anonymous_3)
FN:164,(anonymous_4)
FN:170,(anonymous_5)
FN:174,(anonymous_6)
FN:178,(anonymous_7)
FN:182,(anonymous_8)
FN:187,(anonymous_9)
FN:197,(anonymous_10)
FN:225,(anonymous_11)
FN:251,(anonymous_12)
FN:278,(anonymous_13)
FN:300,(anonymous_14)
FN:301,(anonymous_15)
FN:305,(anonymous_16)
FN:315,(anonymous_17)
FN:321,(anonymous_18)
FN:329,(anonymous_19)
FNF:20
FNH:15
FNDA:1,(anonymous_0)
FNDA:24,(anonymous_1)
FNDA:192,(anonymous_2)
FNDA:7,(anonymous_3)
FNDA:8,(anonymous_4)
FNDA:8,(anonymous_5)
FNDA:5,(anonymous_6)
FNDA:0,(anonymous_7)
FNDA:0,(anonymous_8)
FNDA:43,(anonymous_9)
FNDA:0,(anonymous_10)
FNDA:2,(anonymous_11)
FNDA:0,(anonymous_12)
FNDA:0,(anonymous_13)
FNDA:1,(anonymous_14)
FNDA:8,(anonymous_15)
FNDA:5,(anonymous_16)
FNDA:1,(anonymous_17)
FNDA:8,(anonymous_18)
FNDA:1,(anonymous_19)
DA:8,1
DA:9,1
DA:14,1
DA:21,24
DA:145,24
DA:146,24
DA:147,192
DA:148,192
DA:150,24
DA:160,7
DA:163,7
DA:164,1
DA:165,8
DA:169,7
DA:170,8
DA:173,7
DA:174,5
DA:177,7
DA:178,0
DA:181,7
DA:182,0
DA:185,7
DA:187,43
DA:198,0
DA:199,0
DA:205,0
DA:207,0
DA:208,0
DA:214,0
DA:226,2
DA:227,2
DA:228,1
DA:235,1
DA:236,1
DA:238,1
DA:252,0
DA:254,0
DA:255,0
DA:261,0
DA:266,0
DA:279,0
DA:281,0
DA:282,0
DA:288,0
DA:290,0
DA:301,8
DA:303,1
DA:305,5
DA:316,1
DA:317,0
DA:320,1
DA:321,1
DA:322,8
DA:327,1
DA:329,1
DA:336,1
LF:56
LH:37
BRDA:145,0,0,24
BRDA:145,0,1,0
BRDA:159,1,0,0
BRDA:163,2,0,1
BRDA:163,2,1,6
BRDA:169,3,0,1
BRDA:169,3,1,6
BRDA:173,4,0,1
BRDA:173,4,1,6
BRDA:177,5,0,0
BRDA:177,5,1,7
BRDA:181,6,0,0
BRDA:181,6,1,7
BRDA:198,7,0,0
BRDA:198,7,1,0
BRDA:207,8,0,0
BRDA:207,8,1,0
BRDA:227,9,0,1
BRDA:227,9,1,1
BRDA:254,10,0,0
BRDA:254,10,1,0
BRDA:281,11,0,0
BRDA:281,11,1,0
BRDA:316,12,0,0
BRDA:316,12,1,1
BRDA:322,13,0,8
BRDA:322,13,1,7
BRDA:322,13,2,7
BRF:28
BRH:15
end_of_record
TN:
SF:src\services\userService.js
FN:17,(anonymous_0)
FN:54,(anonymous_1)
FN:97,(anonymous_2)
FN:124,(anonymous_3)
FN:128,(anonymous_4)
FN:139,(anonymous_5)
FN:151,(anonymous_6)
FNF:7
FNH:2
FNDA:12,(anonymous_0)
FNDA:3,(anonymous_1)
FNDA:0,(anonymous_2)
FNDA:0,(anonymous_3)
FNDA:0,(anonymous_4)
FNDA:0,(anonymous_5)
FNDA:0,(anonymous_6)
DA:8,1
DA:9,1
DA:19,12
DA:20,12
DA:21,2
DA:29,10
DA:30,10
DA:31,1
DA:38,9
DA:39,9
DA:41,9
DA:55,3
DA:56,0
DA:62,3
DA:64,3
DA:65,1
DA:72,2
DA:73,1
DA:80,1
DA:82,1
DA:98,0
DA:99,0
DA:105,0
DA:107,0
DA:108,0
DA:114,0
DA:125,0
DA:126,0
DA:128,0
DA:140,0
DA:142,0
DA:143,0
DA:150,0
DA:151,0
DA:152,0
DA:153,0
DA:157,0
DA:159,0
DA:167,1
LF:39
LH:20
BRDA:20,0,0,2
BRDA:20,0,1,10
BRDA:30,1,0,1
BRDA:30,1,1,9
BRDA:55,2,0,0
BRDA:55,2,1,3
BRDA:55,3,0,3
BRDA:55,3,1,3
BRDA:64,4,0,1
BRDA:64,4,1,2
BRDA:72,5,0,1
BRDA:72,5,1,1
BRDA:98,6,0,0
BRDA:98,6,1,0
BRDA:107,7,0,0
BRDA:107,7,1,0
BRDA:142,8,0,0
BRDA:142,8,1,0
BRDA:152,9,0,0
BRDA:152,9,1,0
BRF:20
BRH:11
end_of_record
